;;; TOOL: run-interp-spec
;;; STDIN_FILE: third_party/testsuite/proposals/reference-types/data.wast
;;; ARGS*: --enable-reference-types
(;; STDOUT ;;;
out/test/spec/reference-types/data.wast:293: assert_invalid passed:
  000000e: error: data section without memory section
out/test/spec/reference-types/data.wast:302: assert_invalid passed:
  0000016: error: expected i32 init_expr
out/test/spec/reference-types/data.wast:310: assert_invalid passed:
  0000017: error: expected END opcode after initializer expression
out/test/spec/reference-types/data.wast:318: assert_invalid passed:
  0000015: error: unexpected opcode in initializer expression: 0x1
out/test/spec/reference-types/data.wast:326: assert_invalid passed:
  0000015: error: unexpected opcode in initializer expression: 0x1
out/test/spec/reference-types/data.wast:334: assert_invalid passed:
  0000017: error: expected END opcode after initializer expression
20/20 tests passed.
;;; STDOUT ;;)
