;;; TOOL: run-interp-spec
;;; STDIN_FILE: third_party/testsuite/proposals/reference-types/global.wast
;;; ARGS*: --enable-reference-types
(;; STDOUT ;;;
out/test/spec/reference-types/global.wast:226: assert_trap passed: undefined table index
out/test/spec/reference-types/global.wast:248: assert_invalid passed:
  error: can't global.set on immutable global at index 0.
  0000029: error: OnGlobalSetExpr callback failed
out/test/spec/reference-types/global.wast:257: assert_invalid passed:
  0000013: error: expected END opcode after initializer expression
out/test/spec/reference-types/global.wast:262: assert_invalid passed:
  000000e: error: unexpected opcode in initializer expression: 0x20
out/test/spec/reference-types/global.wast:267: assert_invalid passed:
  0000013: error: expected END opcode after initializer expression
out/test/spec/reference-types/global.wast:272: assert_invalid passed:
  0000010: error: expected END opcode after initializer expression
out/test/spec/reference-types/global.wast:277: assert_invalid passed:
  000000e: error: unexpected opcode in initializer expression: 0x1
out/test/spec/reference-types/global.wast:282: assert_invalid passed:
  error: type mismatch at global initializer expression. got f32, expected i32
  0000013: error: EndGlobalInitExpr callback failed
out/test/spec/reference-types/global.wast:287: assert_invalid passed:
  0000010: error: expected END opcode after initializer expression
out/test/spec/reference-types/global.wast:292: assert_invalid passed:
  error: invalid global initializer expression, must be a constant expression
  000000e: error: EndGlobalInitExpr callback failed
out/test/spec/reference-types/global.wast:297: assert_invalid passed:
  error: type mismatch at global initializer expression. got externref, expected funcref
  0000018: error: EndGlobalInitExpr callback failed
out/test/spec/reference-types/global.wast:302: assert_invalid passed:
  0000000: error: initializer expression can only reference an imported global
  0000010: error: EndGlobalInitExpr callback failed
out/test/spec/reference-types/global.wast:307: assert_invalid passed:
  0000000: error: global variable out of range: 1 (max 1)
  0000010: error: EndGlobalInitExpr callback failed
out/test/spec/reference-types/global.wast:315: assert_malformed passed:
  0000026: error: global mutability must be 0 or 1
out/test/spec/reference-types/global.wast:328: assert_malformed passed:
  0000026: error: global mutability must be 0 or 1
out/test/spec/reference-types/global.wast:345: assert_malformed passed:
  0000011: error: global mutability must be 0 or 1
out/test/spec/reference-types/global.wast:357: assert_malformed passed:
  0000011: error: global mutability must be 0 or 1
out/test/spec/reference-types/global.wast:371: assert_invalid passed:
  error: type mismatch in global.set, expected [i32] but got []
  0000021: error: OnGlobalSetExpr callback failed
out/test/spec/reference-types/global.wast:380: assert_invalid passed:
  error: type mismatch in global.set, expected [i32] but got []
  0000025: error: OnGlobalSetExpr callback failed
out/test/spec/reference-types/global.wast:390: assert_invalid passed:
  error: type mismatch in global.set, expected [i32] but got []
  0000025: error: OnGlobalSetExpr callback failed
out/test/spec/reference-types/global.wast:400: assert_invalid passed:
  error: type mismatch in global.set, expected [i32] but got []
  0000027: error: OnGlobalSetExpr callback failed
out/test/spec/reference-types/global.wast:410: assert_invalid passed:
  error: type mismatch in global.set, expected [i32] but got []
  000002a: error: OnGlobalSetExpr callback failed
out/test/spec/reference-types/global.wast:420: assert_invalid passed:
  error: type mismatch in global.set, expected [i32] but got []
  0000025: error: OnGlobalSetExpr callback failed
out/test/spec/reference-types/global.wast:430: assert_invalid passed:
  error: type mismatch in global.set, expected [i32] but got []
  0000025: error: OnGlobalSetExpr callback failed
out/test/spec/reference-types/global.wast:440: assert_invalid passed:
  error: type mismatch in global.set, expected [i32] but got []
  0000025: error: OnGlobalSetExpr callback failed
out/test/spec/reference-types/global.wast:450: assert_invalid passed:
  error: type mismatch in global.set, expected [i32] but got []
  0000021: error: OnGlobalSetExpr callback failed
out/test/spec/reference-types/global.wast:459: assert_invalid passed:
  error: type mismatch in global.set, expected [i32] but got []
  0000021: error: OnGlobalSetExpr callback failed
out/test/spec/reference-types/global.wast:468: assert_invalid passed:
  error: type mismatch in global.set, expected [i32] but got []
  0000027: error: OnGlobalSetExpr callback failed
out/test/spec/reference-types/global.wast:478: assert_invalid passed:
  error: type mismatch in global.set, expected [i32] but got []
  000003e: error: OnGlobalSetExpr callback failed
out/test/spec/reference-types/global.wast:496: assert_malformed passed:
  out/test/spec/reference-types/global/global.33.wat:1:33: error: redefinition of global "$foo"
  (global $foo i32 (i32.const 0))(global $foo i32 (i32.const 0))
                                  ^^^^^^
out/test/spec/reference-types/global.wast:500: assert_malformed passed:
  out/test/spec/reference-types/global/global.34.wat:1:34: error: redefinition of global "$foo"
  (import "" "" (global $foo i32))(global $foo i32 (i32.const 0))
                                   ^^^^^^
out/test/spec/reference-types/global.wast:504: assert_malformed passed:
  out/test/spec/reference-types/global/global.35.wat:1:34: error: redefinition of global "$foo"
  (import "" "" (global $foo i32))(import "" "" (global $foo i32))
                                   ^^^^^^
78/78 tests passed.
;;; STDOUT ;;)
