;;; TOOL: run-interp-spec
;;; STDIN_FILE: third_party/testsuite/proposals/bulk-memory-operations/linking.wast
;;; ARGS*: --enable-bulk-memory
(;; STDOUT ;;;
out/test/spec/bulk-memory-operations/linking.wast:28: assert_unlinkable passed:
  error: import signature mismatch
  0000025: error: OnImportFunc callback failed
out/test/spec/bulk-memory-operations/linking.wast:32: assert_unlinkable passed:
  error: import signature mismatch
  0000026: error: OnImportFunc callback failed
out/test/spec/bulk-memory-operations/linking.wast:87: assert_unlinkable passed:
  error: mutability mismatch in imported global, expected mutable but got immutable.
  000001a: error: OnImportGlobal callback failed
out/test/spec/bulk-memory-operations/linking.wast:91: assert_unlinkable passed:
  error: mutability mismatch in imported global, expected immutable but got mutable.
  0000016: error: OnImportGlobal callback failed
out/test/spec/bulk-memory-operations/linking.wast:136: assert_trap passed: uninitialized table element
out/test/spec/bulk-memory-operations/linking.wast:137: assert_trap passed: uninitialized table element
out/test/spec/bulk-memory-operations/linking.wast:139: assert_trap passed: uninitialized table element
out/test/spec/bulk-memory-operations/linking.wast:141: assert_trap passed: uninitialized table element
out/test/spec/bulk-memory-operations/linking.wast:142: assert_trap passed: uninitialized table element
out/test/spec/bulk-memory-operations/linking.wast:144: assert_trap passed: uninitialized table element
out/test/spec/bulk-memory-operations/linking.wast:146: assert_trap passed: undefined table index
out/test/spec/bulk-memory-operations/linking.wast:147: assert_trap passed: undefined table index
out/test/spec/bulk-memory-operations/linking.wast:148: assert_trap passed: undefined table index
out/test/spec/bulk-memory-operations/linking.wast:149: assert_trap passed: undefined table index
out/test/spec/bulk-memory-operations/linking.wast:152: assert_trap passed: indirect call signature mismatch
out/test/spec/bulk-memory-operations/linking.wast:184: assert_trap passed: uninitialized table element
out/test/spec/bulk-memory-operations/linking.wast:185: assert_trap passed: uninitialized table element
out/test/spec/bulk-memory-operations/linking.wast:187: assert_trap passed: uninitialized table element
out/test/spec/bulk-memory-operations/linking.wast:188: assert_trap passed: uninitialized table element
out/test/spec/bulk-memory-operations/linking.wast:190: assert_trap passed: undefined table index
out/test/spec/bulk-memory-operations/linking.wast:216: assert_unlinkable passed:
  error: unknown module field "mem"
  0000027: error: OnImportMemory callback failed
out/test/spec/bulk-memory-operations/linking.wast:225: assert_trap passed: uninitialized table element
out/test/spec/bulk-memory-operations/linking.wast:326: assert_unlinkable passed:
  error: unknown module field "tab"
  0000037: error: OnImportTable callback failed
94/94 tests passed.
;;; STDOUT ;;)
