;;; TOOL: run-interp-spec
;;; STDIN_FILE: third_party/testsuite/proposals/bulk-memory-operations/table_init.wast
;;; ARGS*: --enable-bulk-memory
(;; STDOUT ;;;
test() =>
out/test/spec/bulk-memory-operations/table_init.wast:40: assert_trap passed: uninitialized table element
out/test/spec/bulk-memory-operations/table_init.wast:41: assert_trap passed: uninitialized table element
out/test/spec/bulk-memory-operations/table_init.wast:46: assert_trap passed: uninitialized table element
out/test/spec/bulk-memory-operations/table_init.wast:51: assert_trap passed: uninitialized table element
out/test/spec/bulk-memory-operations/table_init.wast:57: assert_trap passed: uninitialized table element
out/test/spec/bulk-memory-operations/table_init.wast:58: assert_trap passed: uninitialized table element
out/test/spec/bulk-memory-operations/table_init.wast:59: assert_trap passed: uninitialized table element
out/test/spec/bulk-memory-operations/table_init.wast:60: assert_trap passed: uninitialized table element
out/test/spec/bulk-memory-operations/table_init.wast:61: assert_trap passed: uninitialized table element
out/test/spec/bulk-memory-operations/table_init.wast:62: assert_trap passed: uninitialized table element
out/test/spec/bulk-memory-operations/table_init.wast:63: assert_trap passed: uninitialized table element
out/test/spec/bulk-memory-operations/table_init.wast:64: assert_trap passed: uninitialized table element
out/test/spec/bulk-memory-operations/table_init.wast:65: assert_trap passed: uninitialized table element
out/test/spec/bulk-memory-operations/table_init.wast:66: assert_trap passed: uninitialized table element
out/test/spec/bulk-memory-operations/table_init.wast:67: assert_trap passed: uninitialized table element
out/test/spec/bulk-memory-operations/table_init.wast:68: assert_trap passed: uninitialized table element
out/test/spec/bulk-memory-operations/table_init.wast:69: assert_trap passed: uninitialized table element
test() =>
out/test/spec/bulk-memory-operations/table_init.wast:97: assert_trap passed: uninitialized table element
out/test/spec/bulk-memory-operations/table_init.wast:98: assert_trap passed: uninitialized table element
out/test/spec/bulk-memory-operations/table_init.wast:103: assert_trap passed: uninitialized table element
out/test/spec/bulk-memory-operations/table_init.wast:104: assert_trap passed: uninitialized table element
out/test/spec/bulk-memory-operations/table_init.wast:105: assert_trap passed: uninitialized table element
out/test/spec/bulk-memory-operations/table_init.wast:106: assert_trap passed: uninitialized table element
out/test/spec/bulk-memory-operations/table_init.wast:107: assert_trap passed: uninitialized table element
out/test/spec/bulk-memory-operations/table_init.wast:108: assert_trap passed: uninitialized table element
out/test/spec/bulk-memory-operations/table_init.wast:115: assert_trap passed: uninitialized table element
out/test/spec/bulk-memory-operations/table_init.wast:116: assert_trap passed: uninitialized table element
out/test/spec/bulk-memory-operations/table_init.wast:117: assert_trap passed: uninitialized table element
out/test/spec/bulk-memory-operations/table_init.wast:118: assert_trap passed: uninitialized table element
out/test/spec/bulk-memory-operations/table_init.wast:119: assert_trap passed: uninitialized table element
out/test/spec/bulk-memory-operations/table_init.wast:120: assert_trap passed: uninitialized table element
out/test/spec/bulk-memory-operations/table_init.wast:121: assert_trap passed: uninitialized table element
out/test/spec/bulk-memory-operations/table_init.wast:122: assert_trap passed: uninitialized table element
out/test/spec/bulk-memory-operations/table_init.wast:123: assert_trap passed: uninitialized table element
out/test/spec/bulk-memory-operations/table_init.wast:124: assert_trap passed: uninitialized table element
out/test/spec/bulk-memory-operations/table_init.wast:125: assert_trap passed: uninitialized table element
out/test/spec/bulk-memory-operations/table_init.wast:126: assert_trap passed: uninitialized table element
test() =>
out/test/spec/bulk-memory-operations/table_init.wast:162: assert_trap passed: uninitialized table element
out/test/spec/bulk-memory-operations/table_init.wast:163: assert_trap passed: uninitialized table element
out/test/spec/bulk-memory-operations/table_init.wast:168: assert_trap passed: uninitialized table element
out/test/spec/bulk-memory-operations/table_init.wast:173: assert_trap passed: uninitialized table element
out/test/spec/bulk-memory-operations/table_init.wast:175: assert_trap passed: uninitialized table element
out/test/spec/bulk-memory-operations/table_init.wast:180: assert_trap passed: uninitialized table element
out/test/spec/bulk-memory-operations/table_init.wast:182: assert_trap passed: uninitialized table element
out/test/spec/bulk-memory-operations/table_init.wast:184: assert_trap passed: uninitialized table element
out/test/spec/bulk-memory-operations/table_init.wast:187: assert_trap passed: uninitialized table element
out/test/spec/bulk-memory-operations/table_init.wast:188: assert_trap passed: uninitialized table element
out/test/spec/bulk-memory-operations/table_init.wast:189: assert_trap passed: uninitialized table element
out/test/spec/bulk-memory-operations/table_init.wast:190: assert_trap passed: uninitialized table element
out/test/spec/bulk-memory-operations/table_init.wast:191: assert_trap passed: uninitialized table element
out/test/spec/bulk-memory-operations/table_init.wast:193: assert_invalid passed:
  0000000: error: elem_segment variable out of range: 0 (max 0)
  0000024: error: OnElemDropExpr callback failed
out/test/spec/bulk-memory-operations/table_init.wast:199: assert_invalid passed:
  0000000: error: table variable out of range: 0 (max 0)
  0000000: error: elem_segment variable out of range: 0 (max 0)
  000002b: error: OnTableInitExpr callback failed
out/test/spec/bulk-memory-operations/table_init.wast:205: assert_invalid passed:
  0000000: error: elem_segment variable out of range: 4 (max 1)
  0000035: error: OnElemDropExpr callback failed
out/test/spec/bulk-memory-operations/table_init.wast:213: assert_invalid passed:
  0000000: error: table variable out of range: 0 (max 0)
  0000000: error: elem_segment variable out of range: 4 (max 1)
  000003c: error: OnTableInitExpr callback failed
test() =>
out/test/spec/bulk-memory-operations/table_init.wast:265: assert_trap passed: out of bounds table access: table.init out of bounds
test() =>
test() =>
out/test/spec/bulk-memory-operations/table_init.wast:334: assert_trap passed: out of bounds table access: table.init out of bounds
out/test/spec/bulk-memory-operations/table_init.wast:357: assert_trap passed: out of bounds table access: table.init out of bounds
out/test/spec/bulk-memory-operations/table_init.wast:380: assert_trap passed: out of bounds table access: table.init out of bounds
out/test/spec/bulk-memory-operations/table_init.wast:403: assert_trap passed: out of bounds table access: table.init out of bounds
test() =>
out/test/spec/bulk-memory-operations/table_init.wast:449: assert_trap passed: out of bounds table access: table.init out of bounds
test() =>
out/test/spec/bulk-memory-operations/table_init.wast:495: assert_trap passed: out of bounds table access: table.init out of bounds
test() =>
out/test/spec/bulk-memory-operations/table_init.wast:541: assert_trap passed: out of bounds table access: table.init out of bounds
out/test/spec/bulk-memory-operations/table_init.wast:544: assert_invalid passed:
  error: type mismatch in table.init, expected [i32, i32, i32] but got [i32, i32, f32]
  0000041: error: OnTableInitExpr callback failed
out/test/spec/bulk-memory-operations/table_init.wast:553: assert_invalid passed:
  error: type mismatch in table.init, expected [i32, i32, i32] but got [i32, i32, i64]
  000003e: error: OnTableInitExpr callback failed
out/test/spec/bulk-memory-operations/table_init.wast:562: assert_invalid passed:
  error: type mismatch in table.init, expected [i32, i32, i32] but got [i32, i32, f64]
  0000045: error: OnTableInitExpr callback failed
out/test/spec/bulk-memory-operations/table_init.wast:571: assert_invalid passed:
  error: type mismatch in table.init, expected [i32, i32, i32] but got [i32, f32, i32]
  0000041: error: OnTableInitExpr callback failed
out/test/spec/bulk-memory-operations/table_init.wast:580: assert_invalid passed:
  error: type mismatch in table.init, expected [i32, i32, i32] but got [i32, f32, f32]
  0000044: error: OnTableInitExpr callback failed
out/test/spec/bulk-memory-operations/table_init.wast:589: assert_invalid passed:
  error: type mismatch in table.init, expected [i32, i32, i32] but got [i32, f32, i64]
  0000041: error: OnTableInitExpr callback failed
out/test/spec/bulk-memory-operations/table_init.wast:598: assert_invalid passed:
  error: type mismatch in table.init, expected [i32, i32, i32] but got [i32, f32, f64]
  0000048: error: OnTableInitExpr callback failed
out/test/spec/bulk-memory-operations/table_init.wast:607: assert_invalid passed:
  error: type mismatch in table.init, expected [i32, i32, i32] but got [i32, i64, i32]
  000003e: error: OnTableInitExpr callback failed
out/test/spec/bulk-memory-operations/table_init.wast:616: assert_invalid passed:
  error: type mismatch in table.init, expected [i32, i32, i32] but got [i32, i64, f32]
  0000041: error: OnTableInitExpr callback failed
out/test/spec/bulk-memory-operations/table_init.wast:625: assert_invalid passed:
  error: type mismatch in table.init, expected [i32, i32, i32] but got [i32, i64, i64]
  000003e: error: OnTableInitExpr callback failed
out/test/spec/bulk-memory-operations/table_init.wast:634: assert_invalid passed:
  error: type mismatch in table.init, expected [i32, i32, i32] but got [i32, i64, f64]
  0000045: error: OnTableInitExpr callback failed
out/test/spec/bulk-memory-operations/table_init.wast:643: assert_invalid passed:
  error: type mismatch in table.init, expected [i32, i32, i32] but got [i32, f64, i32]
  0000045: error: OnTableInitExpr callback failed
out/test/spec/bulk-memory-operations/table_init.wast:652: assert_invalid passed:
  error: type mismatch in table.init, expected [i32, i32, i32] but got [i32, f64, f32]
  0000048: error: OnTableInitExpr callback failed
out/test/spec/bulk-memory-operations/table_init.wast:661: assert_invalid passed:
  error: type mismatch in table.init, expected [i32, i32, i32] but got [i32, f64, i64]
  0000045: error: OnTableInitExpr callback failed
out/test/spec/bulk-memory-operations/table_init.wast:670: assert_invalid passed:
  error: type mismatch in table.init, expected [i32, i32, i32] but got [i32, f64, f64]
  000004c: error: OnTableInitExpr callback failed
out/test/spec/bulk-memory-operations/table_init.wast:679: assert_invalid passed:
  error: type mismatch in table.init, expected [i32, i32, i32] but got [f32, i32, i32]
  0000041: error: OnTableInitExpr callback failed
out/test/spec/bulk-memory-operations/table_init.wast:688: assert_invalid passed:
  error: type mismatch in table.init, expected [i32, i32, i32] but got [f32, i32, f32]
  0000044: error: OnTableInitExpr callback failed
out/test/spec/bulk-memory-operations/table_init.wast:697: assert_invalid passed:
  error: type mismatch in table.init, expected [i32, i32, i32] but got [f32, i32, i64]
  0000041: error: OnTableInitExpr callback failed
out/test/spec/bulk-memory-operations/table_init.wast:706: assert_invalid passed:
  error: type mismatch in table.init, expected [i32, i32, i32] but got [f32, i32, f64]
  0000048: error: OnTableInitExpr callback failed
out/test/spec/bulk-memory-operations/table_init.wast:715: assert_invalid passed:
  error: type mismatch in table.init, expected [i32, i32, i32] but got [f32, f32, i32]
  0000044: error: OnTableInitExpr callback failed
out/test/spec/bulk-memory-operations/table_init.wast:724: assert_invalid passed:
  error: type mismatch in table.init, expected [i32, i32, i32] but got [f32, f32, f32]
  0000047: error: OnTableInitExpr callback failed
out/test/spec/bulk-memory-operations/table_init.wast:733: assert_invalid passed:
  error: type mismatch in table.init, expected [i32, i32, i32] but got [f32, f32, i64]
  0000044: error: OnTableInitExpr callback failed
out/test/spec/bulk-memory-operations/table_init.wast:742: assert_invalid passed:
  error: type mismatch in table.init, expected [i32, i32, i32] but got [f32, f32, f64]
  000004b: error: OnTableInitExpr callback failed
out/test/spec/bulk-memory-operations/table_init.wast:751: assert_invalid passed:
  error: type mismatch in table.init, expected [i32, i32, i32] but got [f32, i64, i32]
  0000041: error: OnTableInitExpr callback failed
out/test/spec/bulk-memory-operations/table_init.wast:760: assert_invalid passed:
  error: type mismatch in table.init, expected [i32, i32, i32] but got [f32, i64, f32]
  0000044: error: OnTableInitExpr callback failed
out/test/spec/bulk-memory-operations/table_init.wast:769: assert_invalid passed:
  error: type mismatch in table.init, expected [i32, i32, i32] but got [f32, i64, i64]
  0000041: error: OnTableInitExpr callback failed
out/test/spec/bulk-memory-operations/table_init.wast:778: assert_invalid passed:
  error: type mismatch in table.init, expected [i32, i32, i32] but got [f32, i64, f64]
  0000048: error: OnTableInitExpr callback failed
out/test/spec/bulk-memory-operations/table_init.wast:787: assert_invalid passed:
  error: type mismatch in table.init, expected [i32, i32, i32] but got [f32, f64, i32]
  0000048: error: OnTableInitExpr callback failed
out/test/spec/bulk-memory-operations/table_init.wast:796: assert_invalid passed:
  error: type mismatch in table.init, expected [i32, i32, i32] but got [f32, f64, f32]
  000004b: error: OnTableInitExpr callback failed
out/test/spec/bulk-memory-operations/table_init.wast:805: assert_invalid passed:
  error: type mismatch in table.init, expected [i32, i32, i32] but got [f32, f64, i64]
  0000048: error: OnTableInitExpr callback failed
out/test/spec/bulk-memory-operations/table_init.wast:814: assert_invalid passed:
  error: type mismatch in table.init, expected [i32, i32, i32] but got [f32, f64, f64]
  000004f: error: OnTableInitExpr callback failed
out/test/spec/bulk-memory-operations/table_init.wast:823: assert_invalid passed:
  error: type mismatch in table.init, expected [i32, i32, i32] but got [i64, i32, i32]
  000003e: error: OnTableInitExpr callback failed
out/test/spec/bulk-memory-operations/table_init.wast:832: assert_invalid passed:
  error: type mismatch in table.init, expected [i32, i32, i32] but got [i64, i32, f32]
  0000041: error: OnTableInitExpr callback failed
out/test/spec/bulk-memory-operations/table_init.wast:841: assert_invalid passed:
  error: type mismatch in table.init, expected [i32, i32, i32] but got [i64, i32, i64]
  000003e: error: OnTableInitExpr callback failed
out/test/spec/bulk-memory-operations/table_init.wast:850: assert_invalid passed:
  error: type mismatch in table.init, expected [i32, i32, i32] but got [i64, i32, f64]
  0000045: error: OnTableInitExpr callback failed
out/test/spec/bulk-memory-operations/table_init.wast:859: assert_invalid passed:
  error: type mismatch in table.init, expected [i32, i32, i32] but got [i64, f32, i32]
  0000041: error: OnTableInitExpr callback failed
out/test/spec/bulk-memory-operations/table_init.wast:868: assert_invalid passed:
  error: type mismatch in table.init, expected [i32, i32, i32] but got [i64, f32, f32]
  0000044: error: OnTableInitExpr callback failed
out/test/spec/bulk-memory-operations/table_init.wast:877: assert_invalid passed:
  error: type mismatch in table.init, expected [i32, i32, i32] but got [i64, f32, i64]
  0000041: error: OnTableInitExpr callback failed
out/test/spec/bulk-memory-operations/table_init.wast:886: assert_invalid passed:
  error: type mismatch in table.init, expected [i32, i32, i32] but got [i64, f32, f64]
  0000048: error: OnTableInitExpr callback failed
out/test/spec/bulk-memory-operations/table_init.wast:895: assert_invalid passed:
  error: type mismatch in table.init, expected [i32, i32, i32] but got [i64, i64, i32]
  000003e: error: OnTableInitExpr callback failed
out/test/spec/bulk-memory-operations/table_init.wast:904: assert_invalid passed:
  error: type mismatch in table.init, expected [i32, i32, i32] but got [i64, i64, f32]
  0000041: error: OnTableInitExpr callback failed
out/test/spec/bulk-memory-operations/table_init.wast:913: assert_invalid passed:
  error: type mismatch in table.init, expected [i32, i32, i32] but got [i64, i64, i64]
  000003e: error: OnTableInitExpr callback failed
out/test/spec/bulk-memory-operations/table_init.wast:922: assert_invalid passed:
  error: type mismatch in table.init, expected [i32, i32, i32] but got [i64, i64, f64]
  0000045: error: OnTableInitExpr callback failed
out/test/spec/bulk-memory-operations/table_init.wast:931: assert_invalid passed:
  error: type mismatch in table.init, expected [i32, i32, i32] but got [i64, f64, i32]
  0000045: error: OnTableInitExpr callback failed
out/test/spec/bulk-memory-operations/table_init.wast:940: assert_invalid passed:
  error: type mismatch in table.init, expected [i32, i32, i32] but got [i64, f64, f32]
  0000048: error: OnTableInitExpr callback failed
out/test/spec/bulk-memory-operations/table_init.wast:949: assert_invalid passed:
  error: type mismatch in table.init, expected [i32, i32, i32] but got [i64, f64, i64]
  0000045: error: OnTableInitExpr callback failed
out/test/spec/bulk-memory-operations/table_init.wast:958: assert_invalid passed:
  error: type mismatch in table.init, expected [i32, i32, i32] but got [i64, f64, f64]
  000004c: error: OnTableInitExpr callback failed
out/test/spec/bulk-memory-operations/table_init.wast:967: assert_invalid passed:
  error: type mismatch in table.init, expected [i32, i32, i32] but got [f64, i32, i32]
  0000045: error: OnTableInitExpr callback failed
out/test/spec/bulk-memory-operations/table_init.wast:976: assert_invalid passed:
  error: type mismatch in table.init, expected [i32, i32, i32] but got [f64, i32, f32]
  0000048: error: OnTableInitExpr callback failed
out/test/spec/bulk-memory-operations/table_init.wast:985: assert_invalid passed:
  error: type mismatch in table.init, expected [i32, i32, i32] but got [f64, i32, i64]
  0000045: error: OnTableInitExpr callback failed
out/test/spec/bulk-memory-operations/table_init.wast:994: assert_invalid passed:
  error: type mismatch in table.init, expected [i32, i32, i32] but got [f64, i32, f64]
  000004c: error: OnTableInitExpr callback failed
out/test/spec/bulk-memory-operations/table_init.wast:1003: assert_invalid passed:
  error: type mismatch in table.init, expected [i32, i32, i32] but got [f64, f32, i32]
  0000048: error: OnTableInitExpr callback failed
out/test/spec/bulk-memory-operations/table_init.wast:1012: assert_invalid passed:
  error: type mismatch in table.init, expected [i32, i32, i32] but got [f64, f32, f32]
  000004b: error: OnTableInitExpr callback failed
out/test/spec/bulk-memory-operations/table_init.wast:1021: assert_invalid passed:
  error: type mismatch in table.init, expected [i32, i32, i32] but got [f64, f32, i64]
  0000048: error: OnTableInitExpr callback failed
out/test/spec/bulk-memory-operations/table_init.wast:1030: assert_invalid passed:
  error: type mismatch in table.init, expected [i32, i32, i32] but got [f64, f32, f64]
  000004f: error: OnTableInitExpr callback failed
out/test/spec/bulk-memory-operations/table_init.wast:1039: assert_invalid passed:
  error: type mismatch in table.init, expected [i32, i32, i32] but got [f64, i64, i32]
  0000045: error: OnTableInitExpr callback failed
out/test/spec/bulk-memory-operations/table_init.wast:1048: assert_invalid passed:
  error: type mismatch in table.init, expected [i32, i32, i32] but got [f64, i64, f32]
  0000048: error: OnTableInitExpr callback failed
out/test/spec/bulk-memory-operations/table_init.wast:1057: assert_invalid passed:
  error: type mismatch in table.init, expected [i32, i32, i32] but got [f64, i64, i64]
  0000045: error: OnTableInitExpr callback failed
out/test/spec/bulk-memory-operations/table_init.wast:1066: assert_invalid passed:
  error: type mismatch in table.init, expected [i32, i32, i32] but got [f64, i64, f64]
  000004c: error: OnTableInitExpr callback failed
out/test/spec/bulk-memory-operations/table_init.wast:1075: assert_invalid passed:
  error: type mismatch in table.init, expected [i32, i32, i32] but got [f64, f64, i32]
  000004c: error: OnTableInitExpr callback failed
out/test/spec/bulk-memory-operations/table_init.wast:1084: assert_invalid passed:
  error: type mismatch in table.init, expected [i32, i32, i32] but got [f64, f64, f32]
  000004f: error: OnTableInitExpr callback failed
out/test/spec/bulk-memory-operations/table_init.wast:1093: assert_invalid passed:
  error: type mismatch in table.init, expected [i32, i32, i32] but got [f64, f64, i64]
  000004c: error: OnTableInitExpr callback failed
out/test/spec/bulk-memory-operations/table_init.wast:1102: assert_invalid passed:
  error: type mismatch in table.init, expected [i32, i32, i32] but got [f64, f64, f64]
  0000053: error: OnTableInitExpr callback failed
out/test/spec/bulk-memory-operations/table_init.wast:1138: assert_trap passed: out of bounds table access: table.init out of bounds
out/test/spec/bulk-memory-operations/table_init.wast:1139: assert_trap passed: uninitialized table element
out/test/spec/bulk-memory-operations/table_init.wast:1140: assert_trap passed: uninitialized table element
out/test/spec/bulk-memory-operations/table_init.wast:1141: assert_trap passed: uninitialized table element
out/test/spec/bulk-memory-operations/table_init.wast:1142: assert_trap passed: uninitialized table element
out/test/spec/bulk-memory-operations/table_init.wast:1143: assert_trap passed: uninitialized table element
out/test/spec/bulk-memory-operations/table_init.wast:1144: assert_trap passed: uninitialized table element
out/test/spec/bulk-memory-operations/table_init.wast:1145: assert_trap passed: uninitialized table element
out/test/spec/bulk-memory-operations/table_init.wast:1146: assert_trap passed: uninitialized table element
out/test/spec/bulk-memory-operations/table_init.wast:1147: assert_trap passed: uninitialized table element
out/test/spec/bulk-memory-operations/table_init.wast:1148: assert_trap passed: uninitialized table element
out/test/spec/bulk-memory-operations/table_init.wast:1149: assert_trap passed: uninitialized table element
out/test/spec/bulk-memory-operations/table_init.wast:1150: assert_trap passed: uninitialized table element
out/test/spec/bulk-memory-operations/table_init.wast:1151: assert_trap passed: uninitialized table element
out/test/spec/bulk-memory-operations/table_init.wast:1152: assert_trap passed: uninitialized table element
out/test/spec/bulk-memory-operations/table_init.wast:1153: assert_trap passed: uninitialized table element
out/test/spec/bulk-memory-operations/table_init.wast:1154: assert_trap passed: uninitialized table element
out/test/spec/bulk-memory-operations/table_init.wast:1155: assert_trap passed: uninitialized table element
out/test/spec/bulk-memory-operations/table_init.wast:1156: assert_trap passed: uninitialized table element
out/test/spec/bulk-memory-operations/table_init.wast:1157: assert_trap passed: uninitialized table element
out/test/spec/bulk-memory-operations/table_init.wast:1158: assert_trap passed: uninitialized table element
out/test/spec/bulk-memory-operations/table_init.wast:1159: assert_trap passed: uninitialized table element
out/test/spec/bulk-memory-operations/table_init.wast:1160: assert_trap passed: uninitialized table element
out/test/spec/bulk-memory-operations/table_init.wast:1161: assert_trap passed: uninitialized table element
out/test/spec/bulk-memory-operations/table_init.wast:1162: assert_trap passed: uninitialized table element
out/test/spec/bulk-memory-operations/table_init.wast:1163: assert_trap passed: uninitialized table element
out/test/spec/bulk-memory-operations/table_init.wast:1164: assert_trap passed: uninitialized table element
out/test/spec/bulk-memory-operations/table_init.wast:1165: assert_trap passed: uninitialized table element
out/test/spec/bulk-memory-operations/table_init.wast:1166: assert_trap passed: uninitialized table element
out/test/spec/bulk-memory-operations/table_init.wast:1167: assert_trap passed: uninitialized table element
out/test/spec/bulk-memory-operations/table_init.wast:1168: assert_trap passed: uninitialized table element
out/test/spec/bulk-memory-operations/table_init.wast:1169: assert_trap passed: uninitialized table element
out/test/spec/bulk-memory-operations/table_init.wast:1170: assert_trap passed: uninitialized table element
out/test/spec/bulk-memory-operations/table_init.wast:1200: assert_trap passed: out of bounds table access: table.init out of bounds
out/test/spec/bulk-memory-operations/table_init.wast:1201: assert_trap passed: uninitialized table element
out/test/spec/bulk-memory-operations/table_init.wast:1202: assert_trap passed: uninitialized table element
out/test/spec/bulk-memory-operations/table_init.wast:1203: assert_trap passed: uninitialized table element
out/test/spec/bulk-memory-operations/table_init.wast:1204: assert_trap passed: uninitialized table element
out/test/spec/bulk-memory-operations/table_init.wast:1205: assert_trap passed: uninitialized table element
out/test/spec/bulk-memory-operations/table_init.wast:1206: assert_trap passed: uninitialized table element
out/test/spec/bulk-memory-operations/table_init.wast:1207: assert_trap passed: uninitialized table element
out/test/spec/bulk-memory-operations/table_init.wast:1208: assert_trap passed: uninitialized table element
out/test/spec/bulk-memory-operations/table_init.wast:1209: assert_trap passed: uninitialized table element
out/test/spec/bulk-memory-operations/table_init.wast:1210: assert_trap passed: uninitialized table element
out/test/spec/bulk-memory-operations/table_init.wast:1211: assert_trap passed: uninitialized table element
out/test/spec/bulk-memory-operations/table_init.wast:1212: assert_trap passed: uninitialized table element
out/test/spec/bulk-memory-operations/table_init.wast:1213: assert_trap passed: uninitialized table element
out/test/spec/bulk-memory-operations/table_init.wast:1214: assert_trap passed: uninitialized table element
out/test/spec/bulk-memory-operations/table_init.wast:1215: assert_trap passed: uninitialized table element
out/test/spec/bulk-memory-operations/table_init.wast:1216: assert_trap passed: uninitialized table element
out/test/spec/bulk-memory-operations/table_init.wast:1217: assert_trap passed: uninitialized table element
out/test/spec/bulk-memory-operations/table_init.wast:1218: assert_trap passed: uninitialized table element
out/test/spec/bulk-memory-operations/table_init.wast:1219: assert_trap passed: uninitialized table element
out/test/spec/bulk-memory-operations/table_init.wast:1220: assert_trap passed: uninitialized table element
out/test/spec/bulk-memory-operations/table_init.wast:1221: assert_trap passed: uninitialized table element
out/test/spec/bulk-memory-operations/table_init.wast:1222: assert_trap passed: uninitialized table element
out/test/spec/bulk-memory-operations/table_init.wast:1223: assert_trap passed: uninitialized table element
out/test/spec/bulk-memory-operations/table_init.wast:1224: assert_trap passed: uninitialized table element
out/test/spec/bulk-memory-operations/table_init.wast:1225: assert_trap passed: uninitialized table element
out/test/spec/bulk-memory-operations/table_init.wast:1226: assert_trap passed: uninitialized table element
out/test/spec/bulk-memory-operations/table_init.wast:1227: assert_trap passed: uninitialized table element
out/test/spec/bulk-memory-operations/table_init.wast:1228: assert_trap passed: uninitialized table element
out/test/spec/bulk-memory-operations/table_init.wast:1229: assert_trap passed: uninitialized table element
out/test/spec/bulk-memory-operations/table_init.wast:1230: assert_trap passed: uninitialized table element
out/test/spec/bulk-memory-operations/table_init.wast:1231: assert_trap passed: uninitialized table element
out/test/spec/bulk-memory-operations/table_init.wast:1232: assert_trap passed: uninitialized table element
out/test/spec/bulk-memory-operations/table_init.wast:1262: assert_trap passed: out of bounds table access: table.init out of bounds
out/test/spec/bulk-memory-operations/table_init.wast:1263: assert_trap passed: uninitialized table element
out/test/spec/bulk-memory-operations/table_init.wast:1264: assert_trap passed: uninitialized table element
out/test/spec/bulk-memory-operations/table_init.wast:1265: assert_trap passed: uninitialized table element
out/test/spec/bulk-memory-operations/table_init.wast:1266: assert_trap passed: uninitialized table element
out/test/spec/bulk-memory-operations/table_init.wast:1267: assert_trap passed: uninitialized table element
out/test/spec/bulk-memory-operations/table_init.wast:1268: assert_trap passed: uninitialized table element
out/test/spec/bulk-memory-operations/table_init.wast:1269: assert_trap passed: uninitialized table element
out/test/spec/bulk-memory-operations/table_init.wast:1270: assert_trap passed: uninitialized table element
out/test/spec/bulk-memory-operations/table_init.wast:1271: assert_trap passed: uninitialized table element
out/test/spec/bulk-memory-operations/table_init.wast:1272: assert_trap passed: uninitialized table element
out/test/spec/bulk-memory-operations/table_init.wast:1273: assert_trap passed: uninitialized table element
out/test/spec/bulk-memory-operations/table_init.wast:1274: assert_trap passed: uninitialized table element
out/test/spec/bulk-memory-operations/table_init.wast:1275: assert_trap passed: uninitialized table element
out/test/spec/bulk-memory-operations/table_init.wast:1276: assert_trap passed: uninitialized table element
out/test/spec/bulk-memory-operations/table_init.wast:1277: assert_trap passed: uninitialized table element
out/test/spec/bulk-memory-operations/table_init.wast:1278: assert_trap passed: uninitialized table element
out/test/spec/bulk-memory-operations/table_init.wast:1279: assert_trap passed: uninitialized table element
out/test/spec/bulk-memory-operations/table_init.wast:1280: assert_trap passed: uninitialized table element
out/test/spec/bulk-memory-operations/table_init.wast:1281: assert_trap passed: uninitialized table element
out/test/spec/bulk-memory-operations/table_init.wast:1282: assert_trap passed: uninitialized table element
out/test/spec/bulk-memory-operations/table_init.wast:1283: assert_trap passed: uninitialized table element
out/test/spec/bulk-memory-operations/table_init.wast:1284: assert_trap passed: uninitialized table element
out/test/spec/bulk-memory-operations/table_init.wast:1285: assert_trap passed: uninitialized table element
out/test/spec/bulk-memory-operations/table_init.wast:1286: assert_trap passed: uninitialized table element
out/test/spec/bulk-memory-operations/table_init.wast:1287: assert_trap passed: uninitialized table element
out/test/spec/bulk-memory-operations/table_init.wast:1288: assert_trap passed: uninitialized table element
out/test/spec/bulk-memory-operations/table_init.wast:1289: assert_trap passed: uninitialized table element
out/test/spec/bulk-memory-operations/table_init.wast:1290: assert_trap passed: uninitialized table element
out/test/spec/bulk-memory-operations/table_init.wast:1291: assert_trap passed: uninitialized table element
out/test/spec/bulk-memory-operations/table_init.wast:1292: assert_trap passed: uninitialized table element
out/test/spec/bulk-memory-operations/table_init.wast:1293: assert_trap passed: uninitialized table element
out/test/spec/bulk-memory-operations/table_init.wast:1294: assert_trap passed: uninitialized table element
out/test/spec/bulk-memory-operations/table_init.wast:1295: assert_trap passed: uninitialized table element
out/test/spec/bulk-memory-operations/table_init.wast:1296: assert_trap passed: uninitialized table element
out/test/spec/bulk-memory-operations/table_init.wast:1297: assert_trap passed: uninitialized table element
out/test/spec/bulk-memory-operations/table_init.wast:1298: assert_trap passed: uninitialized table element
out/test/spec/bulk-memory-operations/table_init.wast:1299: assert_trap passed: uninitialized table element
out/test/spec/bulk-memory-operations/table_init.wast:1300: assert_trap passed: uninitialized table element
out/test/spec/bulk-memory-operations/table_init.wast:1301: assert_trap passed: uninitialized table element
out/test/spec/bulk-memory-operations/table_init.wast:1302: assert_trap passed: uninitialized table element
out/test/spec/bulk-memory-operations/table_init.wast:1303: assert_trap passed: uninitialized table element
out/test/spec/bulk-memory-operations/table_init.wast:1304: assert_trap passed: uninitialized table element
out/test/spec/bulk-memory-operations/table_init.wast:1305: assert_trap passed: uninitialized table element
out/test/spec/bulk-memory-operations/table_init.wast:1306: assert_trap passed: uninitialized table element
out/test/spec/bulk-memory-operations/table_init.wast:1307: assert_trap passed: uninitialized table element
out/test/spec/bulk-memory-operations/table_init.wast:1308: assert_trap passed: uninitialized table element
out/test/spec/bulk-memory-operations/table_init.wast:1309: assert_trap passed: uninitialized table element
out/test/spec/bulk-memory-operations/table_init.wast:1310: assert_trap passed: uninitialized table element
out/test/spec/bulk-memory-operations/table_init.wast:1311: assert_trap passed: uninitialized table element
out/test/spec/bulk-memory-operations/table_init.wast:1312: assert_trap passed: uninitialized table element
out/test/spec/bulk-memory-operations/table_init.wast:1313: assert_trap passed: uninitialized table element
out/test/spec/bulk-memory-operations/table_init.wast:1314: assert_trap passed: uninitialized table element
out/test/spec/bulk-memory-operations/table_init.wast:1315: assert_trap passed: uninitialized table element
out/test/spec/bulk-memory-operations/table_init.wast:1316: assert_trap passed: uninitialized table element
out/test/spec/bulk-memory-operations/table_init.wast:1317: assert_trap passed: uninitialized table element
out/test/spec/bulk-memory-operations/table_init.wast:1318: assert_trap passed: uninitialized table element
out/test/spec/bulk-memory-operations/table_init.wast:1319: assert_trap passed: uninitialized table element
out/test/spec/bulk-memory-operations/table_init.wast:1320: assert_trap passed: uninitialized table element
out/test/spec/bulk-memory-operations/table_init.wast:1321: assert_trap passed: uninitialized table element
out/test/spec/bulk-memory-operations/table_init.wast:1322: assert_trap passed: uninitialized table element
out/test/spec/bulk-memory-operations/table_init.wast:1323: assert_trap passed: uninitialized table element
out/test/spec/bulk-memory-operations/table_init.wast:1324: assert_trap passed: uninitialized table element
out/test/spec/bulk-memory-operations/table_init.wast:1325: assert_trap passed: uninitialized table element
out/test/spec/bulk-memory-operations/table_init.wast:1326: assert_trap passed: uninitialized table element
out/test/spec/bulk-memory-operations/table_init.wast:1327: assert_trap passed: uninitialized table element
out/test/spec/bulk-memory-operations/table_init.wast:1328: assert_trap passed: uninitialized table element
out/test/spec/bulk-memory-operations/table_init.wast:1329: assert_trap passed: uninitialized table element
out/test/spec/bulk-memory-operations/table_init.wast:1330: assert_trap passed: uninitialized table element
out/test/spec/bulk-memory-operations/table_init.wast:1331: assert_trap passed: uninitialized table element
out/test/spec/bulk-memory-operations/table_init.wast:1332: assert_trap passed: uninitialized table element
out/test/spec/bulk-memory-operations/table_init.wast:1333: assert_trap passed: uninitialized table element
out/test/spec/bulk-memory-operations/table_init.wast:1334: assert_trap passed: uninitialized table element
out/test/spec/bulk-memory-operations/table_init.wast:1335: assert_trap passed: uninitialized table element
out/test/spec/bulk-memory-operations/table_init.wast:1336: assert_trap passed: uninitialized table element
out/test/spec/bulk-memory-operations/table_init.wast:1337: assert_trap passed: uninitialized table element
out/test/spec/bulk-memory-operations/table_init.wast:1338: assert_trap passed: uninitialized table element
out/test/spec/bulk-memory-operations/table_init.wast:1339: assert_trap passed: uninitialized table element
out/test/spec/bulk-memory-operations/table_init.wast:1340: assert_trap passed: uninitialized table element
out/test/spec/bulk-memory-operations/table_init.wast:1341: assert_trap passed: uninitialized table element
out/test/spec/bulk-memory-operations/table_init.wast:1342: assert_trap passed: uninitialized table element
out/test/spec/bulk-memory-operations/table_init.wast:1343: assert_trap passed: uninitialized table element
out/test/spec/bulk-memory-operations/table_init.wast:1344: assert_trap passed: uninitialized table element
out/test/spec/bulk-memory-operations/table_init.wast:1345: assert_trap passed: uninitialized table element
out/test/spec/bulk-memory-operations/table_init.wast:1346: assert_trap passed: uninitialized table element
out/test/spec/bulk-memory-operations/table_init.wast:1347: assert_trap passed: uninitialized table element
out/test/spec/bulk-memory-operations/table_init.wast:1348: assert_trap passed: uninitialized table element
out/test/spec/bulk-memory-operations/table_init.wast:1349: assert_trap passed: uninitialized table element
out/test/spec/bulk-memory-operations/table_init.wast:1350: assert_trap passed: uninitialized table element
out/test/spec/bulk-memory-operations/table_init.wast:1351: assert_trap passed: uninitialized table element
out/test/spec/bulk-memory-operations/table_init.wast:1352: assert_trap passed: uninitialized table element
out/test/spec/bulk-memory-operations/table_init.wast:1353: assert_trap passed: uninitialized table element
out/test/spec/bulk-memory-operations/table_init.wast:1354: assert_trap passed: uninitialized table element
out/test/spec/bulk-memory-operations/table_init.wast:1355: assert_trap passed: uninitialized table element
out/test/spec/bulk-memory-operations/table_init.wast:1356: assert_trap passed: uninitialized table element
out/test/spec/bulk-memory-operations/table_init.wast:1357: assert_trap passed: uninitialized table element
out/test/spec/bulk-memory-operations/table_init.wast:1358: assert_trap passed: uninitialized table element
out/test/spec/bulk-memory-operations/table_init.wast:1359: assert_trap passed: uninitialized table element
out/test/spec/bulk-memory-operations/table_init.wast:1360: assert_trap passed: uninitialized table element
out/test/spec/bulk-memory-operations/table_init.wast:1361: assert_trap passed: uninitialized table element
out/test/spec/bulk-memory-operations/table_init.wast:1362: assert_trap passed: uninitialized table element
out/test/spec/bulk-memory-operations/table_init.wast:1363: assert_trap passed: uninitialized table element
out/test/spec/bulk-memory-operations/table_init.wast:1364: assert_trap passed: uninitialized table element
out/test/spec/bulk-memory-operations/table_init.wast:1365: assert_trap passed: uninitialized table element
out/test/spec/bulk-memory-operations/table_init.wast:1366: assert_trap passed: uninitialized table element
out/test/spec/bulk-memory-operations/table_init.wast:1367: assert_trap passed: uninitialized table element
out/test/spec/bulk-memory-operations/table_init.wast:1368: assert_trap passed: uninitialized table element
out/test/spec/bulk-memory-operations/table_init.wast:1369: assert_trap passed: uninitialized table element
out/test/spec/bulk-memory-operations/table_init.wast:1370: assert_trap passed: uninitialized table element
out/test/spec/bulk-memory-operations/table_init.wast:1371: assert_trap passed: uninitialized table element
out/test/spec/bulk-memory-operations/table_init.wast:1372: assert_trap passed: uninitialized table element
out/test/spec/bulk-memory-operations/table_init.wast:1373: assert_trap passed: uninitialized table element
out/test/spec/bulk-memory-operations/table_init.wast:1374: assert_trap passed: uninitialized table element
out/test/spec/bulk-memory-operations/table_init.wast:1375: assert_trap passed: uninitialized table element
out/test/spec/bulk-memory-operations/table_init.wast:1376: assert_trap passed: uninitialized table element
out/test/spec/bulk-memory-operations/table_init.wast:1377: assert_trap passed: uninitialized table element
out/test/spec/bulk-memory-operations/table_init.wast:1378: assert_trap passed: uninitialized table element
out/test/spec/bulk-memory-operations/table_init.wast:1379: assert_trap passed: uninitialized table element
out/test/spec/bulk-memory-operations/table_init.wast:1380: assert_trap passed: uninitialized table element
out/test/spec/bulk-memory-operations/table_init.wast:1381: assert_trap passed: uninitialized table element
out/test/spec/bulk-memory-operations/table_init.wast:1382: assert_trap passed: uninitialized table element
out/test/spec/bulk-memory-operations/table_init.wast:1383: assert_trap passed: uninitialized table element
out/test/spec/bulk-memory-operations/table_init.wast:1384: assert_trap passed: uninitialized table element
out/test/spec/bulk-memory-operations/table_init.wast:1385: assert_trap passed: uninitialized table element
out/test/spec/bulk-memory-operations/table_init.wast:1386: assert_trap passed: uninitialized table element
out/test/spec/bulk-memory-operations/table_init.wast:1387: assert_trap passed: uninitialized table element
out/test/spec/bulk-memory-operations/table_init.wast:1388: assert_trap passed: uninitialized table element
out/test/spec/bulk-memory-operations/table_init.wast:1389: assert_trap passed: uninitialized table element
out/test/spec/bulk-memory-operations/table_init.wast:1390: assert_trap passed: uninitialized table element
out/test/spec/bulk-memory-operations/table_init.wast:1391: assert_trap passed: uninitialized table element
out/test/spec/bulk-memory-operations/table_init.wast:1392: assert_trap passed: uninitialized table element
out/test/spec/bulk-memory-operations/table_init.wast:1393: assert_trap passed: uninitialized table element
out/test/spec/bulk-memory-operations/table_init.wast:1394: assert_trap passed: uninitialized table element
out/test/spec/bulk-memory-operations/table_init.wast:1395: assert_trap passed: uninitialized table element
out/test/spec/bulk-memory-operations/table_init.wast:1396: assert_trap passed: uninitialized table element
out/test/spec/bulk-memory-operations/table_init.wast:1397: assert_trap passed: uninitialized table element
out/test/spec/bulk-memory-operations/table_init.wast:1398: assert_trap passed: uninitialized table element
out/test/spec/bulk-memory-operations/table_init.wast:1399: assert_trap passed: uninitialized table element
out/test/spec/bulk-memory-operations/table_init.wast:1400: assert_trap passed: uninitialized table element
out/test/spec/bulk-memory-operations/table_init.wast:1401: assert_trap passed: uninitialized table element
out/test/spec/bulk-memory-operations/table_init.wast:1402: assert_trap passed: uninitialized table element
out/test/spec/bulk-memory-operations/table_init.wast:1403: assert_trap passed: uninitialized table element
out/test/spec/bulk-memory-operations/table_init.wast:1404: assert_trap passed: uninitialized table element
out/test/spec/bulk-memory-operations/table_init.wast:1405: assert_trap passed: uninitialized table element
out/test/spec/bulk-memory-operations/table_init.wast:1406: assert_trap passed: uninitialized table element
out/test/spec/bulk-memory-operations/table_init.wast:1407: assert_trap passed: uninitialized table element
out/test/spec/bulk-memory-operations/table_init.wast:1408: assert_trap passed: uninitialized table element
out/test/spec/bulk-memory-operations/table_init.wast:1409: assert_trap passed: uninitialized table element
out/test/spec/bulk-memory-operations/table_init.wast:1410: assert_trap passed: uninitialized table element
out/test/spec/bulk-memory-operations/table_init.wast:1411: assert_trap passed: uninitialized table element
out/test/spec/bulk-memory-operations/table_init.wast:1412: assert_trap passed: uninitialized table element
out/test/spec/bulk-memory-operations/table_init.wast:1413: assert_trap passed: uninitialized table element
out/test/spec/bulk-memory-operations/table_init.wast:1414: assert_trap passed: uninitialized table element
out/test/spec/bulk-memory-operations/table_init.wast:1415: assert_trap passed: uninitialized table element
out/test/spec/bulk-memory-operations/table_init.wast:1416: assert_trap passed: uninitialized table element
out/test/spec/bulk-memory-operations/table_init.wast:1417: assert_trap passed: uninitialized table element
out/test/spec/bulk-memory-operations/table_init.wast:1418: assert_trap passed: uninitialized table element
out/test/spec/bulk-memory-operations/table_init.wast:1419: assert_trap passed: uninitialized table element
out/test/spec/bulk-memory-operations/table_init.wast:1420: assert_trap passed: uninitialized table element
out/test/spec/bulk-memory-operations/table_init.wast:1421: assert_trap passed: uninitialized table element
out/test/spec/bulk-memory-operations/table_init.wast:1422: assert_trap passed: uninitialized table element
out/test/spec/bulk-memory-operations/table_init.wast:1452: assert_trap passed: out of bounds table access: table.init out of bounds
out/test/spec/bulk-memory-operations/table_init.wast:1453: assert_trap passed: uninitialized table element
out/test/spec/bulk-memory-operations/table_init.wast:1454: assert_trap passed: uninitialized table element
out/test/spec/bulk-memory-operations/table_init.wast:1455: assert_trap passed: uninitialized table element
out/test/spec/bulk-memory-operations/table_init.wast:1456: assert_trap passed: uninitialized table element
out/test/spec/bulk-memory-operations/table_init.wast:1457: assert_trap passed: uninitialized table element
out/test/spec/bulk-memory-operations/table_init.wast:1458: assert_trap passed: uninitialized table element
out/test/spec/bulk-memory-operations/table_init.wast:1459: assert_trap passed: uninitialized table element
out/test/spec/bulk-memory-operations/table_init.wast:1460: assert_trap passed: uninitialized table element
out/test/spec/bulk-memory-operations/table_init.wast:1461: assert_trap passed: uninitialized table element
out/test/spec/bulk-memory-operations/table_init.wast:1462: assert_trap passed: uninitialized table element
out/test/spec/bulk-memory-operations/table_init.wast:1463: assert_trap passed: uninitialized table element
out/test/spec/bulk-memory-operations/table_init.wast:1464: assert_trap passed: uninitialized table element
out/test/spec/bulk-memory-operations/table_init.wast:1465: assert_trap passed: uninitialized table element
out/test/spec/bulk-memory-operations/table_init.wast:1466: assert_trap passed: uninitialized table element
out/test/spec/bulk-memory-operations/table_init.wast:1467: assert_trap passed: uninitialized table element
out/test/spec/bulk-memory-operations/table_init.wast:1468: assert_trap passed: uninitialized table element
out/test/spec/bulk-memory-operations/table_init.wast:1469: assert_trap passed: uninitialized table element
out/test/spec/bulk-memory-operations/table_init.wast:1470: assert_trap passed: uninitialized table element
out/test/spec/bulk-memory-operations/table_init.wast:1471: assert_trap passed: uninitialized table element
out/test/spec/bulk-memory-operations/table_init.wast:1472: assert_trap passed: uninitialized table element
out/test/spec/bulk-memory-operations/table_init.wast:1473: assert_trap passed: uninitialized table element
out/test/spec/bulk-memory-operations/table_init.wast:1474: assert_trap passed: uninitialized table element
out/test/spec/bulk-memory-operations/table_init.wast:1475: assert_trap passed: uninitialized table element
out/test/spec/bulk-memory-operations/table_init.wast:1476: assert_trap passed: uninitialized table element
out/test/spec/bulk-memory-operations/table_init.wast:1477: assert_trap passed: uninitialized table element
out/test/spec/bulk-memory-operations/table_init.wast:1478: assert_trap passed: uninitialized table element
out/test/spec/bulk-memory-operations/table_init.wast:1479: assert_trap passed: uninitialized table element
out/test/spec/bulk-memory-operations/table_init.wast:1480: assert_trap passed: uninitialized table element
out/test/spec/bulk-memory-operations/table_init.wast:1481: assert_trap passed: uninitialized table element
out/test/spec/bulk-memory-operations/table_init.wast:1482: assert_trap passed: uninitialized table element
out/test/spec/bulk-memory-operations/table_init.wast:1483: assert_trap passed: uninitialized table element
out/test/spec/bulk-memory-operations/table_init.wast:1484: assert_trap passed: uninitialized table element
out/test/spec/bulk-memory-operations/table_init.wast:1485: assert_trap passed: uninitialized table element
out/test/spec/bulk-memory-operations/table_init.wast:1486: assert_trap passed: uninitialized table element
out/test/spec/bulk-memory-operations/table_init.wast:1487: assert_trap passed: uninitialized table element
out/test/spec/bulk-memory-operations/table_init.wast:1488: assert_trap passed: uninitialized table element
out/test/spec/bulk-memory-operations/table_init.wast:1489: assert_trap passed: uninitialized table element
out/test/spec/bulk-memory-operations/table_init.wast:1490: assert_trap passed: uninitialized table element
out/test/spec/bulk-memory-operations/table_init.wast:1491: assert_trap passed: uninitialized table element
out/test/spec/bulk-memory-operations/table_init.wast:1492: assert_trap passed: uninitialized table element
out/test/spec/bulk-memory-operations/table_init.wast:1493: assert_trap passed: uninitialized table element
out/test/spec/bulk-memory-operations/table_init.wast:1494: assert_trap passed: uninitialized table element
out/test/spec/bulk-memory-operations/table_init.wast:1495: assert_trap passed: uninitialized table element
out/test/spec/bulk-memory-operations/table_init.wast:1496: assert_trap passed: uninitialized table element
out/test/spec/bulk-memory-operations/table_init.wast:1497: assert_trap passed: uninitialized table element
out/test/spec/bulk-memory-operations/table_init.wast:1498: assert_trap passed: uninitialized table element
out/test/spec/bulk-memory-operations/table_init.wast:1499: assert_trap passed: uninitialized table element
out/test/spec/bulk-memory-operations/table_init.wast:1500: assert_trap passed: uninitialized table element
out/test/spec/bulk-memory-operations/table_init.wast:1501: assert_trap passed: uninitialized table element
out/test/spec/bulk-memory-operations/table_init.wast:1502: assert_trap passed: uninitialized table element
out/test/spec/bulk-memory-operations/table_init.wast:1503: assert_trap passed: uninitialized table element
out/test/spec/bulk-memory-operations/table_init.wast:1504: assert_trap passed: uninitialized table element
out/test/spec/bulk-memory-operations/table_init.wast:1505: assert_trap passed: uninitialized table element
out/test/spec/bulk-memory-operations/table_init.wast:1506: assert_trap passed: uninitialized table element
out/test/spec/bulk-memory-operations/table_init.wast:1507: assert_trap passed: uninitialized table element
out/test/spec/bulk-memory-operations/table_init.wast:1508: assert_trap passed: uninitialized table element
out/test/spec/bulk-memory-operations/table_init.wast:1509: assert_trap passed: uninitialized table element
out/test/spec/bulk-memory-operations/table_init.wast:1510: assert_trap passed: uninitialized table element
out/test/spec/bulk-memory-operations/table_init.wast:1511: assert_trap passed: uninitialized table element
out/test/spec/bulk-memory-operations/table_init.wast:1512: assert_trap passed: uninitialized table element
out/test/spec/bulk-memory-operations/table_init.wast:1513: assert_trap passed: uninitialized table element
out/test/spec/bulk-memory-operations/table_init.wast:1514: assert_trap passed: uninitialized table element
out/test/spec/bulk-memory-operations/table_init.wast:1515: assert_trap passed: uninitialized table element
out/test/spec/bulk-memory-operations/table_init.wast:1516: assert_trap passed: uninitialized table element
out/test/spec/bulk-memory-operations/table_init.wast:1517: assert_trap passed: uninitialized table element
out/test/spec/bulk-memory-operations/table_init.wast:1518: assert_trap passed: uninitialized table element
out/test/spec/bulk-memory-operations/table_init.wast:1519: assert_trap passed: uninitialized table element
out/test/spec/bulk-memory-operations/table_init.wast:1520: assert_trap passed: uninitialized table element
out/test/spec/bulk-memory-operations/table_init.wast:1521: assert_trap passed: uninitialized table element
out/test/spec/bulk-memory-operations/table_init.wast:1522: assert_trap passed: uninitialized table element
out/test/spec/bulk-memory-operations/table_init.wast:1523: assert_trap passed: uninitialized table element
out/test/spec/bulk-memory-operations/table_init.wast:1524: assert_trap passed: uninitialized table element
out/test/spec/bulk-memory-operations/table_init.wast:1525: assert_trap passed: uninitialized table element
out/test/spec/bulk-memory-operations/table_init.wast:1526: assert_trap passed: uninitialized table element
out/test/spec/bulk-memory-operations/table_init.wast:1527: assert_trap passed: uninitialized table element
out/test/spec/bulk-memory-operations/table_init.wast:1528: assert_trap passed: uninitialized table element
out/test/spec/bulk-memory-operations/table_init.wast:1529: assert_trap passed: uninitialized table element
out/test/spec/bulk-memory-operations/table_init.wast:1530: assert_trap passed: uninitialized table element
out/test/spec/bulk-memory-operations/table_init.wast:1531: assert_trap passed: uninitialized table element
out/test/spec/bulk-memory-operations/table_init.wast:1532: assert_trap passed: uninitialized table element
out/test/spec/bulk-memory-operations/table_init.wast:1533: assert_trap passed: uninitialized table element
out/test/spec/bulk-memory-operations/table_init.wast:1534: assert_trap passed: uninitialized table element
out/test/spec/bulk-memory-operations/table_init.wast:1535: assert_trap passed: uninitialized table element
out/test/spec/bulk-memory-operations/table_init.wast:1536: assert_trap passed: uninitialized table element
out/test/spec/bulk-memory-operations/table_init.wast:1537: assert_trap passed: uninitialized table element
out/test/spec/bulk-memory-operations/table_init.wast:1538: assert_trap passed: uninitialized table element
out/test/spec/bulk-memory-operations/table_init.wast:1539: assert_trap passed: uninitialized table element
out/test/spec/bulk-memory-operations/table_init.wast:1540: assert_trap passed: uninitialized table element
out/test/spec/bulk-memory-operations/table_init.wast:1541: assert_trap passed: uninitialized table element
out/test/spec/bulk-memory-operations/table_init.wast:1542: assert_trap passed: uninitialized table element
out/test/spec/bulk-memory-operations/table_init.wast:1543: assert_trap passed: uninitialized table element
out/test/spec/bulk-memory-operations/table_init.wast:1544: assert_trap passed: uninitialized table element
out/test/spec/bulk-memory-operations/table_init.wast:1545: assert_trap passed: uninitialized table element
out/test/spec/bulk-memory-operations/table_init.wast:1546: assert_trap passed: uninitialized table element
out/test/spec/bulk-memory-operations/table_init.wast:1547: assert_trap passed: uninitialized table element
out/test/spec/bulk-memory-operations/table_init.wast:1548: assert_trap passed: uninitialized table element
out/test/spec/bulk-memory-operations/table_init.wast:1549: assert_trap passed: uninitialized table element
out/test/spec/bulk-memory-operations/table_init.wast:1550: assert_trap passed: uninitialized table element
out/test/spec/bulk-memory-operations/table_init.wast:1551: assert_trap passed: uninitialized table element
out/test/spec/bulk-memory-operations/table_init.wast:1552: assert_trap passed: uninitialized table element
out/test/spec/bulk-memory-operations/table_init.wast:1553: assert_trap passed: uninitialized table element
out/test/spec/bulk-memory-operations/table_init.wast:1554: assert_trap passed: uninitialized table element
out/test/spec/bulk-memory-operations/table_init.wast:1555: assert_trap passed: uninitialized table element
out/test/spec/bulk-memory-operations/table_init.wast:1556: assert_trap passed: uninitialized table element
out/test/spec/bulk-memory-operations/table_init.wast:1557: assert_trap passed: uninitialized table element
out/test/spec/bulk-memory-operations/table_init.wast:1558: assert_trap passed: uninitialized table element
out/test/spec/bulk-memory-operations/table_init.wast:1559: assert_trap passed: uninitialized table element
out/test/spec/bulk-memory-operations/table_init.wast:1560: assert_trap passed: uninitialized table element
out/test/spec/bulk-memory-operations/table_init.wast:1561: assert_trap passed: uninitialized table element
out/test/spec/bulk-memory-operations/table_init.wast:1562: assert_trap passed: uninitialized table element
out/test/spec/bulk-memory-operations/table_init.wast:1563: assert_trap passed: uninitialized table element
out/test/spec/bulk-memory-operations/table_init.wast:1564: assert_trap passed: uninitialized table element
out/test/spec/bulk-memory-operations/table_init.wast:1565: assert_trap passed: uninitialized table element
out/test/spec/bulk-memory-operations/table_init.wast:1566: assert_trap passed: uninitialized table element
out/test/spec/bulk-memory-operations/table_init.wast:1567: assert_trap passed: uninitialized table element
out/test/spec/bulk-memory-operations/table_init.wast:1568: assert_trap passed: uninitialized table element
out/test/spec/bulk-memory-operations/table_init.wast:1569: assert_trap passed: uninitialized table element
out/test/spec/bulk-memory-operations/table_init.wast:1570: assert_trap passed: uninitialized table element
out/test/spec/bulk-memory-operations/table_init.wast:1571: assert_trap passed: uninitialized table element
out/test/spec/bulk-memory-operations/table_init.wast:1572: assert_trap passed: uninitialized table element
out/test/spec/bulk-memory-operations/table_init.wast:1573: assert_trap passed: uninitialized table element
out/test/spec/bulk-memory-operations/table_init.wast:1574: assert_trap passed: uninitialized table element
out/test/spec/bulk-memory-operations/table_init.wast:1575: assert_trap passed: uninitialized table element
out/test/spec/bulk-memory-operations/table_init.wast:1576: assert_trap passed: uninitialized table element
out/test/spec/bulk-memory-operations/table_init.wast:1577: assert_trap passed: uninitialized table element
out/test/spec/bulk-memory-operations/table_init.wast:1578: assert_trap passed: uninitialized table element
out/test/spec/bulk-memory-operations/table_init.wast:1579: assert_trap passed: uninitialized table element
out/test/spec/bulk-memory-operations/table_init.wast:1580: assert_trap passed: uninitialized table element
out/test/spec/bulk-memory-operations/table_init.wast:1581: assert_trap passed: uninitialized table element
out/test/spec/bulk-memory-operations/table_init.wast:1582: assert_trap passed: uninitialized table element
out/test/spec/bulk-memory-operations/table_init.wast:1583: assert_trap passed: uninitialized table element
out/test/spec/bulk-memory-operations/table_init.wast:1584: assert_trap passed: uninitialized table element
out/test/spec/bulk-memory-operations/table_init.wast:1585: assert_trap passed: uninitialized table element
out/test/spec/bulk-memory-operations/table_init.wast:1586: assert_trap passed: uninitialized table element
out/test/spec/bulk-memory-operations/table_init.wast:1587: assert_trap passed: uninitialized table element
out/test/spec/bulk-memory-operations/table_init.wast:1588: assert_trap passed: uninitialized table element
out/test/spec/bulk-memory-operations/table_init.wast:1589: assert_trap passed: uninitialized table element
out/test/spec/bulk-memory-operations/table_init.wast:1590: assert_trap passed: uninitialized table element
out/test/spec/bulk-memory-operations/table_init.wast:1591: assert_trap passed: uninitialized table element
out/test/spec/bulk-memory-operations/table_init.wast:1592: assert_trap passed: uninitialized table element
out/test/spec/bulk-memory-operations/table_init.wast:1593: assert_trap passed: uninitialized table element
out/test/spec/bulk-memory-operations/table_init.wast:1594: assert_trap passed: uninitialized table element
out/test/spec/bulk-memory-operations/table_init.wast:1595: assert_trap passed: uninitialized table element
out/test/spec/bulk-memory-operations/table_init.wast:1596: assert_trap passed: uninitialized table element
out/test/spec/bulk-memory-operations/table_init.wast:1597: assert_trap passed: uninitialized table element
out/test/spec/bulk-memory-operations/table_init.wast:1598: assert_trap passed: uninitialized table element
out/test/spec/bulk-memory-operations/table_init.wast:1599: assert_trap passed: uninitialized table element
out/test/spec/bulk-memory-operations/table_init.wast:1600: assert_trap passed: uninitialized table element
out/test/spec/bulk-memory-operations/table_init.wast:1601: assert_trap passed: uninitialized table element
out/test/spec/bulk-memory-operations/table_init.wast:1602: assert_trap passed: uninitialized table element
out/test/spec/bulk-memory-operations/table_init.wast:1603: assert_trap passed: uninitialized table element
out/test/spec/bulk-memory-operations/table_init.wast:1604: assert_trap passed: uninitialized table element
out/test/spec/bulk-memory-operations/table_init.wast:1605: assert_trap passed: uninitialized table element
out/test/spec/bulk-memory-operations/table_init.wast:1606: assert_trap passed: uninitialized table element
out/test/spec/bulk-memory-operations/table_init.wast:1607: assert_trap passed: uninitialized table element
out/test/spec/bulk-memory-operations/table_init.wast:1608: assert_trap passed: uninitialized table element
out/test/spec/bulk-memory-operations/table_init.wast:1609: assert_trap passed: uninitialized table element
out/test/spec/bulk-memory-operations/table_init.wast:1610: assert_trap passed: uninitialized table element
out/test/spec/bulk-memory-operations/table_init.wast:1611: assert_trap passed: uninitialized table element
out/test/spec/bulk-memory-operations/table_init.wast:1612: assert_trap passed: uninitialized table element
out/test/spec/bulk-memory-operations/table_init.wast:1642: assert_trap passed: out of bounds table access: table.init out of bounds
out/test/spec/bulk-memory-operations/table_init.wast:1643: assert_trap passed: uninitialized table element
out/test/spec/bulk-memory-operations/table_init.wast:1644: assert_trap passed: uninitialized table element
out/test/spec/bulk-memory-operations/table_init.wast:1645: assert_trap passed: uninitialized table element
out/test/spec/bulk-memory-operations/table_init.wast:1646: assert_trap passed: uninitialized table element
out/test/spec/bulk-memory-operations/table_init.wast:1647: assert_trap passed: uninitialized table element
out/test/spec/bulk-memory-operations/table_init.wast:1648: assert_trap passed: uninitialized table element
out/test/spec/bulk-memory-operations/table_init.wast:1649: assert_trap passed: uninitialized table element
out/test/spec/bulk-memory-operations/table_init.wast:1650: assert_trap passed: uninitialized table element
out/test/spec/bulk-memory-operations/table_init.wast:1651: assert_trap passed: uninitialized table element
out/test/spec/bulk-memory-operations/table_init.wast:1652: assert_trap passed: uninitialized table element
out/test/spec/bulk-memory-operations/table_init.wast:1653: assert_trap passed: uninitialized table element
out/test/spec/bulk-memory-operations/table_init.wast:1654: assert_trap passed: uninitialized table element
out/test/spec/bulk-memory-operations/table_init.wast:1655: assert_trap passed: uninitialized table element
out/test/spec/bulk-memory-operations/table_init.wast:1656: assert_trap passed: uninitialized table element
out/test/spec/bulk-memory-operations/table_init.wast:1657: assert_trap passed: uninitialized table element
out/test/spec/bulk-memory-operations/table_init.wast:1658: assert_trap passed: uninitialized table element
out/test/spec/bulk-memory-operations/table_init.wast:1659: assert_trap passed: uninitialized table element
out/test/spec/bulk-memory-operations/table_init.wast:1660: assert_trap passed: uninitialized table element
out/test/spec/bulk-memory-operations/table_init.wast:1661: assert_trap passed: uninitialized table element
out/test/spec/bulk-memory-operations/table_init.wast:1662: assert_trap passed: uninitialized table element
out/test/spec/bulk-memory-operations/table_init.wast:1663: assert_trap passed: uninitialized table element
out/test/spec/bulk-memory-operations/table_init.wast:1664: assert_trap passed: uninitialized table element
out/test/spec/bulk-memory-operations/table_init.wast:1665: assert_trap passed: uninitialized table element
out/test/spec/bulk-memory-operations/table_init.wast:1666: assert_trap passed: uninitialized table element
out/test/spec/bulk-memory-operations/table_init.wast:1667: assert_trap passed: uninitialized table element
out/test/spec/bulk-memory-operations/table_init.wast:1668: assert_trap passed: uninitialized table element
out/test/spec/bulk-memory-operations/table_init.wast:1669: assert_trap passed: uninitialized table element
out/test/spec/bulk-memory-operations/table_init.wast:1670: assert_trap passed: uninitialized table element
out/test/spec/bulk-memory-operations/table_init.wast:1671: assert_trap passed: uninitialized table element
out/test/spec/bulk-memory-operations/table_init.wast:1672: assert_trap passed: uninitialized table element
out/test/spec/bulk-memory-operations/table_init.wast:1673: assert_trap passed: uninitialized table element
out/test/spec/bulk-memory-operations/table_init.wast:1674: assert_trap passed: uninitialized table element
out/test/spec/bulk-memory-operations/table_init.wast:1675: assert_trap passed: uninitialized table element
out/test/spec/bulk-memory-operations/table_init.wast:1676: assert_trap passed: uninitialized table element
out/test/spec/bulk-memory-operations/table_init.wast:1677: assert_trap passed: uninitialized table element
out/test/spec/bulk-memory-operations/table_init.wast:1678: assert_trap passed: uninitialized table element
out/test/spec/bulk-memory-operations/table_init.wast:1679: assert_trap passed: uninitialized table element
out/test/spec/bulk-memory-operations/table_init.wast:1680: assert_trap passed: uninitialized table element
out/test/spec/bulk-memory-operations/table_init.wast:1681: assert_trap passed: uninitialized table element
out/test/spec/bulk-memory-operations/table_init.wast:1682: assert_trap passed: uninitialized table element
out/test/spec/bulk-memory-operations/table_init.wast:1683: assert_trap passed: uninitialized table element
out/test/spec/bulk-memory-operations/table_init.wast:1684: assert_trap passed: uninitialized table element
out/test/spec/bulk-memory-operations/table_init.wast:1685: assert_trap passed: uninitialized table element
out/test/spec/bulk-memory-operations/table_init.wast:1686: assert_trap passed: uninitialized table element
out/test/spec/bulk-memory-operations/table_init.wast:1687: assert_trap passed: uninitialized table element
out/test/spec/bulk-memory-operations/table_init.wast:1688: assert_trap passed: uninitialized table element
out/test/spec/bulk-memory-operations/table_init.wast:1689: assert_trap passed: uninitialized table element
out/test/spec/bulk-memory-operations/table_init.wast:1690: assert_trap passed: uninitialized table element
out/test/spec/bulk-memory-operations/table_init.wast:1691: assert_trap passed: uninitialized table element
out/test/spec/bulk-memory-operations/table_init.wast:1692: assert_trap passed: uninitialized table element
out/test/spec/bulk-memory-operations/table_init.wast:1693: assert_trap passed: uninitialized table element
out/test/spec/bulk-memory-operations/table_init.wast:1694: assert_trap passed: uninitialized table element
out/test/spec/bulk-memory-operations/table_init.wast:1695: assert_trap passed: uninitialized table element
out/test/spec/bulk-memory-operations/table_init.wast:1696: assert_trap passed: uninitialized table element
out/test/spec/bulk-memory-operations/table_init.wast:1697: assert_trap passed: uninitialized table element
out/test/spec/bulk-memory-operations/table_init.wast:1698: assert_trap passed: uninitialized table element
out/test/spec/bulk-memory-operations/table_init.wast:1699: assert_trap passed: uninitialized table element
out/test/spec/bulk-memory-operations/table_init.wast:1700: assert_trap passed: uninitialized table element
out/test/spec/bulk-memory-operations/table_init.wast:1701: assert_trap passed: uninitialized table element
out/test/spec/bulk-memory-operations/table_init.wast:1702: assert_trap passed: uninitialized table element
out/test/spec/bulk-memory-operations/table_init.wast:1703: assert_trap passed: uninitialized table element
out/test/spec/bulk-memory-operations/table_init.wast:1704: assert_trap passed: uninitialized table element
out/test/spec/bulk-memory-operations/table_init.wast:1705: assert_trap passed: uninitialized table element
out/test/spec/bulk-memory-operations/table_init.wast:1706: assert_trap passed: uninitialized table element
out/test/spec/bulk-memory-operations/table_init.wast:1736: assert_trap passed: out of bounds table access: table.init out of bounds
out/test/spec/bulk-memory-operations/table_init.wast:1737: assert_trap passed: uninitialized table element
out/test/spec/bulk-memory-operations/table_init.wast:1738: assert_trap passed: uninitialized table element
out/test/spec/bulk-memory-operations/table_init.wast:1739: assert_trap passed: uninitialized table element
out/test/spec/bulk-memory-operations/table_init.wast:1740: assert_trap passed: uninitialized table element
out/test/spec/bulk-memory-operations/table_init.wast:1741: assert_trap passed: uninitialized table element
out/test/spec/bulk-memory-operations/table_init.wast:1742: assert_trap passed: uninitialized table element
out/test/spec/bulk-memory-operations/table_init.wast:1743: assert_trap passed: uninitialized table element
out/test/spec/bulk-memory-operations/table_init.wast:1744: assert_trap passed: uninitialized table element
out/test/spec/bulk-memory-operations/table_init.wast:1745: assert_trap passed: uninitialized table element
out/test/spec/bulk-memory-operations/table_init.wast:1746: assert_trap passed: uninitialized table element
out/test/spec/bulk-memory-operations/table_init.wast:1747: assert_trap passed: uninitialized table element
out/test/spec/bulk-memory-operations/table_init.wast:1748: assert_trap passed: uninitialized table element
out/test/spec/bulk-memory-operations/table_init.wast:1749: assert_trap passed: uninitialized table element
out/test/spec/bulk-memory-operations/table_init.wast:1750: assert_trap passed: uninitialized table element
out/test/spec/bulk-memory-operations/table_init.wast:1751: assert_trap passed: uninitialized table element
out/test/spec/bulk-memory-operations/table_init.wast:1752: assert_trap passed: uninitialized table element
644/644 tests passed.
;;; STDOUT ;;)
