;;; TOOL: run-interp-spec
;;; STDIN_FILE: third_party/testsuite/proposals/multi-value/br.wast
;;; ARGS*: --enable-multi-value
(;; STDOUT ;;;
out/test/spec/multi-value/br.wast:471: assert_invalid passed:
  error: type mismatch in br, expected [i32] but got []
  000001c: error: OnBrExpr callback failed
out/test/spec/multi-value/br.wast:478: assert_invalid passed:
  error: type mismatch in br, expected [i32] but got []
  000001d: error: OnBrExpr callback failed
out/test/spec/multi-value/br.wast:484: assert_invalid passed:
  error: type mismatch in br, expected [i32] but got []
  0000020: error: OnBrExpr callback failed
out/test/spec/multi-value/br.wast:490: assert_invalid passed:
  error: type mismatch in br, expected [i32] but got [i64]
  000001e: error: OnBrExpr callback failed
out/test/spec/multi-value/br.wast:497: assert_invalid passed:
  error: type mismatch in br, expected [i32] but got []
  000001d: error: OnBrExpr callback failed
out/test/spec/multi-value/br.wast:506: assert_invalid passed:
  error: type mismatch in br, expected [i32] but got []
  000001d: error: OnBrExpr callback failed
out/test/spec/multi-value/br.wast:515: assert_invalid passed:
  error: type mismatch in br, expected [i32] but got []
  000001d: error: OnBrExpr callback failed
out/test/spec/multi-value/br.wast:524: assert_invalid passed:
  error: type mismatch in br, expected [i32] but got []
  000001b: error: OnBrExpr callback failed
out/test/spec/multi-value/br.wast:535: assert_invalid passed:
  error: type mismatch in br, expected [i32] but got []
  000001b: error: OnBrExpr callback failed
out/test/spec/multi-value/br.wast:546: assert_invalid passed:
  error: type mismatch in br, expected [i32] but got []
  0000021: error: OnBrExpr callback failed
out/test/spec/multi-value/br.wast:558: assert_invalid passed:
  error: type mismatch in br, expected [i32] but got []
  0000036: error: OnBrExpr callback failed
out/test/spec/multi-value/br.wast:574: assert_invalid passed:
  error: type mismatch in br, expected [i32] but got []
  000001d: error: OnBrExpr callback failed
out/test/spec/multi-value/br.wast:586: assert_invalid passed:
  error: type mismatch in br, expected [i32] but got []
  000001d: error: OnBrExpr callback failed
out/test/spec/multi-value/br.wast:598: assert_invalid passed:
  error: type mismatch in br, expected [i32] but got []
  0000023: error: OnBrExpr callback failed
out/test/spec/multi-value/br.wast:610: assert_invalid passed:
  error: type mismatch in br, expected [i32] but got []
  0000020: error: OnBrExpr callback failed
out/test/spec/multi-value/br.wast:622: assert_invalid passed:
  error: type mismatch in br, expected [i32] but got []
  0000020: error: OnBrExpr callback failed
out/test/spec/multi-value/br.wast:634: assert_invalid passed:
  error: type mismatch in br, expected [i32] but got []
  0000020: error: OnBrExpr callback failed
out/test/spec/multi-value/br.wast:647: assert_invalid passed:
  error: invalid depth: 1 (max 0)
  0000019: error: OnBrExpr callback failed
out/test/spec/multi-value/br.wast:651: assert_invalid passed:
  error: invalid depth: 5 (max 2)
  000001d: error: OnBrExpr callback failed
out/test/spec/multi-value/br.wast:655: assert_invalid passed:
  error: invalid depth: 268435457 (max 0)
  000001d: error: OnBrExpr callback failed
96/96 tests passed.
;;; STDOUT ;;)
