;;; TOOL: run-interp-spec
;;; STDIN_FILE: third_party/testsuite/br.wast
(;; STDOUT ;;;
out/test/spec/br.wast:420: assert_invalid passed:
  error: type mismatch in br, expected [i32] but got []
  000001c: error: OnBrExpr callback failed
out/test/spec/br.wast:427: assert_invalid passed:
  error: type mismatch in br, expected [i32] but got []
  000001d: error: OnBrExpr callback failed
out/test/spec/br.wast:433: assert_invalid passed:
  error: type mismatch in br, expected [i32] but got []
  0000020: error: OnBrExpr callback failed
out/test/spec/br.wast:439: assert_invalid passed:
  error: type mismatch in br, expected [i32] but got [i64]
  000001e: error: OnBrExpr callback failed
out/test/spec/br.wast:446: assert_invalid passed:
  error: type mismatch in br, expected [i32] but got []
  000001d: error: OnBrExpr callback failed
out/test/spec/br.wast:455: assert_invalid passed:
  error: type mismatch in br, expected [i32] but got []
  000001d: error: OnBrExpr callback failed
out/test/spec/br.wast:464: assert_invalid passed:
  error: type mismatch in br, expected [i32] but got []
  000001d: error: OnBrExpr callback failed
out/test/spec/br.wast:473: assert_invalid passed:
  error: type mismatch in br, expected [i32] but got []
  000001b: error: OnBrExpr callback failed
out/test/spec/br.wast:484: assert_invalid passed:
  error: type mismatch in br, expected [i32] but got []
  000001b: error: OnBrExpr callback failed
out/test/spec/br.wast:495: assert_invalid passed:
  error: type mismatch in br, expected [i32] but got []
  0000021: error: OnBrExpr callback failed
out/test/spec/br.wast:507: assert_invalid passed:
  error: type mismatch in br, expected [i32] but got []
  0000036: error: OnBrExpr callback failed
out/test/spec/br.wast:523: assert_invalid passed:
  error: type mismatch in br, expected [i32] but got []
  000001d: error: OnBrExpr callback failed
out/test/spec/br.wast:535: assert_invalid passed:
  error: type mismatch in br, expected [i32] but got []
  000001d: error: OnBrExpr callback failed
out/test/spec/br.wast:547: assert_invalid passed:
  error: type mismatch in br, expected [i32] but got []
  0000023: error: OnBrExpr callback failed
out/test/spec/br.wast:559: assert_invalid passed:
  error: type mismatch in br, expected [i32] but got []
  0000020: error: OnBrExpr callback failed
out/test/spec/br.wast:571: assert_invalid passed:
  error: type mismatch in br, expected [i32] but got []
  0000020: error: OnBrExpr callback failed
out/test/spec/br.wast:583: assert_invalid passed:
  error: type mismatch in br, expected [i32] but got []
  0000020: error: OnBrExpr callback failed
out/test/spec/br.wast:596: assert_invalid passed:
  error: invalid depth: 1 (max 0)
  0000019: error: OnBrExpr callback failed
out/test/spec/br.wast:600: assert_invalid passed:
  error: invalid depth: 5 (max 2)
  000001d: error: OnBrExpr callback failed
out/test/spec/br.wast:604: assert_invalid passed:
  error: invalid depth: 268435457 (max 0)
  000001d: error: OnBrExpr callback failed
83/83 tests passed.
;;; STDOUT ;;)
