;;; TOOL: run-interp-spec
;;; STDIN_FILE: third_party/testsuite/call_indirect.wast
(;; STDOUT ;;;
out/test/spec/call_indirect.wast:469: assert_trap passed: indirect call signature mismatch
out/test/spec/call_indirect.wast:470: assert_trap passed: indirect call signature mismatch
out/test/spec/call_indirect.wast:471: assert_trap passed: undefined table index
out/test/spec/call_indirect.wast:472: assert_trap passed: undefined table index
out/test/spec/call_indirect.wast:473: assert_trap passed: undefined table index
out/test/spec/call_indirect.wast:479: assert_trap passed: indirect call signature mismatch
out/test/spec/call_indirect.wast:480: assert_trap passed: indirect call signature mismatch
out/test/spec/call_indirect.wast:486: assert_trap passed: indirect call signature mismatch
out/test/spec/call_indirect.wast:487: assert_trap passed: indirect call signature mismatch
out/test/spec/call_indirect.wast:493: assert_trap passed: indirect call signature mismatch
out/test/spec/call_indirect.wast:494: assert_trap passed: indirect call signature mismatch
out/test/spec/call_indirect.wast:500: assert_trap passed: indirect call signature mismatch
out/test/spec/call_indirect.wast:501: assert_trap passed: indirect call signature mismatch
out/test/spec/call_indirect.wast:594: assert_malformed passed:
  out/test/spec/call_indirect/call_indirect.1.wat:1:122: error: unexpected token "param", expected an expr.
  ...indirect (type $sig) (result i32) (param i32)    (i32.const 0) (i32.const ...
                                        ^^^^^
  out/test/spec/call_indirect/call_indirect.1.wat:1:166: error: unexpected token ), expected EOF.
  ...irect (type $sig) (result i32) (param i32)    (i32.const 0) (i32.const 0)  ))
                                                                                 ^
out/test/spec/call_indirect.wast:606: assert_malformed passed:
  out/test/spec/call_indirect/call_indirect.2.wat:1:109: error: unexpected token "type", expected an expr.
  ... i32)  (call_indirect (param i32) (type $sig) (result i32)    (i32.const 0...
                                        ^^^^
  out/test/spec/call_indirect/call_indirect.2.wat:1:166: error: unexpected token ), expected EOF.
  ...irect (param i32) (type $sig) (result i32)    (i32.const 0) (i32.const 0)  ))
                                                                                 ^
out/test/spec/call_indirect.wast:618: assert_malformed passed:
  out/test/spec/call_indirect/call_indirect.3.wat:1:122: error: unexpected token "type", expected an expr.
  ...indirect (param i32) (result i32) (type $sig)    (i32.const 0) (i32.const ...
                                        ^^^^
  out/test/spec/call_indirect/call_indirect.3.wat:1:166: error: unexpected token ), expected EOF.
  ...irect (param i32) (result i32) (type $sig)    (i32.const 0) (i32.const 0)  ))
                                                                                 ^
out/test/spec/call_indirect.wast:630: assert_malformed passed:
  out/test/spec/call_indirect/call_indirect.4.wat:1:110: error: unexpected token "type", expected an expr.
  ...i32)  (call_indirect (result i32) (type $sig) (param i32)    (i32.const 0)...
                                        ^^^^
  out/test/spec/call_indirect/call_indirect.4.wat:1:166: error: unexpected token ), expected EOF.
  ...irect (result i32) (type $sig) (param i32)    (i32.const 0) (i32.const 0)  ))
                                                                                 ^
out/test/spec/call_indirect.wast:642: assert_malformed passed:
  out/test/spec/call_indirect/call_indirect.5.wat:1:110: error: unexpected token "param", expected an expr.
  ...i32)  (call_indirect (result i32) (param i32) (type $sig)    (i32.const 0)...
                                        ^^^^^
  out/test/spec/call_indirect/call_indirect.5.wat:1:166: error: unexpected token ), expected EOF.
  ...irect (result i32) (param i32) (type $sig)    (i32.const 0) (i32.const 0)  ))
                                                                                 ^
out/test/spec/call_indirect.wast:654: assert_malformed passed:
  out/test/spec/call_indirect/call_indirect.6.wat:1:67: error: unexpected token "param", expected an expr.
  ...t i32)  (call_indirect (result i32) (param i32) (i32.const 0) (i32.const 0)))
                                          ^^^^^
  out/test/spec/call_indirect/call_indirect.6.wat:1:106: error: unexpected token ), expected EOF.
  ...t i32)  (call_indirect (result i32) (param i32) (i32.const 0) (i32.const 0)))
                                                                                 ^
out/test/spec/call_indirect.wast:664: assert_malformed passed:
  out/test/spec/call_indirect/call_indirect.7.wat:1:46: error: unexpected token $x, expected ).
  ...e 0 funcref)(func (call_indirect (param $x i32) (i32.const 0) (i32.const 0)))
                                             ^^
  out/test/spec/call_indirect/call_indirect.7.wat:1:82: error: unexpected token ), expected EOF.
  ...e 0 funcref)(func (call_indirect (param $x i32) (i32.const 0) (i32.const 0)))
                                                                                 ^
out/test/spec/call_indirect.wast:671: assert_malformed passed:
  out/test/spec/call_indirect/call_indirect.8.wat:1:57: error: expected 0 results, got 1
  ...0 funcref)(func (result i32)  (call_indirect (type $sig) (result i32) (i32...
                                    ^^^^^^^^^^^^^
out/test/spec/call_indirect.wast:681: assert_malformed passed:
  out/test/spec/call_indirect/call_indirect.9.wat:1:82: error: expected 1 arguments, got 0
  ...0 funcref)(func (result i32)  (call_indirect (type $sig) (result i32) (i32...
                                    ^^^^^^^^^^^^^
out/test/spec/call_indirect.wast:691: assert_malformed passed:
  out/test/spec/call_indirect/call_indirect.10.wat:1:69: error: expected 1 results, got 0
  ...i32)))(table 0 funcref)(func  (call_indirect (type $sig) (param i32) (i32....
                                    ^^^^^^^^^^^^^
out/test/spec/call_indirect.wast:701: assert_malformed passed:
  out/test/spec/call_indirect/call_indirect.11.wat:1:86: error: expected 2 arguments, got 1
  ...0 funcref)(func (result i32)  (call_indirect (type $sig) (param i32) (resu...
                                    ^^^^^^^^^^^^^
out/test/spec/call_indirect.wast:716: assert_invalid passed:
  error: found call_indirect operator, but no table
  000001c: error: OnCallIndirectExpr callback failed
out/test/spec/call_indirect.wast:724: assert_invalid passed:
  error: type mismatch in i32.eqz, expected [i32] but got []
  0000023: error: OnConvertExpr callback failed
out/test/spec/call_indirect.wast:732: assert_invalid passed:
  error: type mismatch in i32.eqz, expected [i32] but got [i64]
  0000027: error: OnConvertExpr callback failed
out/test/spec/call_indirect.wast:741: assert_invalid passed:
  error: type mismatch in call_indirect, expected [i32] but got []
  0000026: error: OnCallIndirectExpr callback failed
out/test/spec/call_indirect.wast:749: assert_invalid passed:
  error: type mismatch in call_indirect, expected [f64, i32] but got []
  0000027: error: OnCallIndirectExpr callback failed
out/test/spec/call_indirect.wast:757: assert_invalid passed:
  error: type mismatch in function, expected [] but got [i32]
  0000025: error: EndFunctionBody callback failed
out/test/spec/call_indirect.wast:765: assert_invalid passed:
  error: type mismatch in function, expected [] but got [f64, i32]
  000002e: error: EndFunctionBody callback failed
out/test/spec/call_indirect.wast:776: assert_invalid passed:
  error: type mismatch in call_indirect, expected [i32] but got []
  0000027: error: OnCallIndirectExpr callback failed
out/test/spec/call_indirect.wast:784: assert_invalid passed:
  error: type mismatch in call_indirect, expected [i32] but got [... i64]
  0000028: error: OnCallIndirectExpr callback failed
out/test/spec/call_indirect.wast:793: assert_invalid passed:
  error: type mismatch in call_indirect, expected [i32, i32] but got [i32]
  000002a: error: OnCallIndirectExpr callback failed
out/test/spec/call_indirect.wast:803: assert_invalid passed:
  error: type mismatch in call_indirect, expected [i32, i32] but got [i32]
  000002a: error: OnCallIndirectExpr callback failed
out/test/spec/call_indirect.wast:813: assert_invalid passed:
  error: type mismatch in call_indirect, expected [i32, f64] but got [f64, i32]
  0000032: error: OnCallIndirectExpr callback failed
out/test/spec/call_indirect.wast:823: assert_invalid passed:
  error: type mismatch in call_indirect, expected [f64, i32] but got [i32, f64]
  0000032: error: OnCallIndirectExpr callback failed
out/test/spec/call_indirect.wast:834: assert_invalid passed:
  error: type mismatch in call_indirect, expected [i32] but got []
  0000036: error: OnCallIndirectExpr callback failed
out/test/spec/call_indirect.wast:847: assert_invalid passed:
  error: type mismatch in call_indirect, expected [i32, i32] but got [i32]
  0000039: error: OnCallIndirectExpr callback failed
out/test/spec/call_indirect.wast:860: assert_invalid passed:
  error: type mismatch in call_indirect, expected [i32] but got []
  0000036: error: OnCallIndirectExpr callback failed
out/test/spec/call_indirect.wast:873: assert_invalid passed:
  error: type mismatch in call_indirect, expected [i32, i32] but got [i32]
  0000039: error: OnCallIndirectExpr callback failed
out/test/spec/call_indirect.wast:886: assert_invalid passed:
  error: type mismatch in call_indirect, expected [i32] but got []
  000003a: error: OnCallIndirectExpr callback failed
out/test/spec/call_indirect.wast:902: assert_invalid passed:
  error: type mismatch in call_indirect, expected [i32, i32] but got [i32]
  000003d: error: OnCallIndirectExpr callback failed
out/test/spec/call_indirect.wast:922: assert_invalid passed:
  0000021: error: invalid call_indirect signature index
out/test/spec/call_indirect.wast:929: assert_invalid passed:
  0000025: error: invalid call_indirect signature index
out/test/spec/call_indirect.wast:940: assert_invalid passed:
  error: invalid func_index: 0 (max 0)
  0000018: error: OnElemSegmentElemExpr_RefFunc callback failed
151/151 tests passed.
;;; STDOUT ;;)
