;;; TOOL: run-interp-spec
;;; STDIN_FILE: third_party/testsuite/const.wast
(;; STDOUT ;;;
out/test/spec/const.wast:8: assert_malformed passed:
  out/test/spec/const/const.2.wat:1:17: error: unexpected token ")", expected a numeric literal (e.g. 123, -45, 6.7e8).
  (func (i32.const) drop)
                  ^
out/test/spec/const.wast:12: assert_malformed passed:
  out/test/spec/const/const.3.wat:1:18: error: unexpected token "0x", expected a numeric literal (e.g. 123, -45, 6.7e8).
  (func (i32.const 0x) drop)
                   ^^
out/test/spec/const.wast:16: assert_malformed passed:
  out/test/spec/const/const.4.wat:1:18: error: unexpected token "1x", expected a numeric literal (e.g. 123, -45, 6.7e8).
  (func (i32.const 1x) drop)
                   ^^
out/test/spec/const.wast:20: assert_malformed passed:
  out/test/spec/const/const.5.wat:1:18: error: unexpected token "0xg", expected a numeric literal (e.g. 123, -45, 6.7e8).
  (func (i32.const 0xg) drop)
                   ^^^
out/test/spec/const.wast:27: assert_malformed passed:
  out/test/spec/const/const.8.wat:1:17: error: unexpected token ")", expected a numeric literal (e.g. 123, -45, 6.7e8).
  (func (i64.const) drop)
                  ^
out/test/spec/const.wast:31: assert_malformed passed:
  out/test/spec/const/const.9.wat:1:18: error: unexpected token "0x", expected a numeric literal (e.g. 123, -45, 6.7e8).
  (func (i64.const 0x) drop)
                   ^^
out/test/spec/const.wast:35: assert_malformed passed:
  out/test/spec/const/const.10.wat:1:18: error: unexpected token "1x", expected a numeric literal (e.g. 123, -45, 6.7e8).
  (func (i64.const 1x) drop)
                   ^^
out/test/spec/const.wast:39: assert_malformed passed:
  out/test/spec/const/const.11.wat:1:18: error: unexpected token "0xg", expected a numeric literal (e.g. 123, -45, 6.7e8).
  (func (i64.const 0xg) drop)
                   ^^^
out/test/spec/const.wast:68: assert_malformed passed:
  out/test/spec/const/const.36.wat:1:17: error: unexpected token ")", expected a numeric literal (e.g. 123, -45, 6.7e8).
  (func (f32.const) drop)
                  ^
out/test/spec/const.wast:72: assert_malformed passed:
  out/test/spec/const/const.37.wat:1:18: error: unexpected token ".0", expected a numeric literal (e.g. 123, -45, 6.7e8).
  (func (f32.const .0) drop)
                   ^^
out/test/spec/const.wast:76: assert_malformed passed:
  out/test/spec/const/const.38.wat:1:18: error: unexpected token ".0e0", expected a numeric literal (e.g. 123, -45, 6.7e8).
  (func (f32.const .0e0) drop)
                   ^^^^
out/test/spec/const.wast:80: assert_malformed passed:
  out/test/spec/const/const.39.wat:1:18: error: unexpected token "0e", expected a numeric literal (e.g. 123, -45, 6.7e8).
  (func (f32.const 0e) drop)
                   ^^
out/test/spec/const.wast:84: assert_malformed passed:
  out/test/spec/const/const.40.wat:1:18: error: unexpected token "0e+", expected a numeric literal (e.g. 123, -45, 6.7e8).
  (func (f32.const 0e+) drop)
                   ^^^
out/test/spec/const.wast:88: assert_malformed passed:
  out/test/spec/const/const.41.wat:1:18: error: unexpected token "0.0e", expected a numeric literal (e.g. 123, -45, 6.7e8).
  (func (f32.const 0.0e) drop)
                   ^^^^
out/test/spec/const.wast:92: assert_malformed passed:
  out/test/spec/const/const.42.wat:1:18: error: unexpected token "0.0e-", expected a numeric literal (e.g. 123, -45, 6.7e8).
  (func (f32.const 0.0e-) drop)
                   ^^^^^
out/test/spec/const.wast:96: assert_malformed passed:
  out/test/spec/const/const.43.wat:1:18: error: unexpected token "0x", expected a numeric literal (e.g. 123, -45, 6.7e8).
  (func (f32.const 0x) drop)
                   ^^
out/test/spec/const.wast:100: assert_malformed passed:
  out/test/spec/const/const.44.wat:1:18: error: unexpected token "1x", expected a numeric literal (e.g. 123, -45, 6.7e8).
  (func (f32.const 1x) drop)
                   ^^
out/test/spec/const.wast:104: assert_malformed passed:
  out/test/spec/const/const.45.wat:1:18: error: unexpected token "0xg", expected a numeric literal (e.g. 123, -45, 6.7e8).
  (func (f32.const 0xg) drop)
                   ^^^
out/test/spec/const.wast:108: assert_malformed passed:
  out/test/spec/const/const.46.wat:1:18: error: unexpected token "0x.", expected a numeric literal (e.g. 123, -45, 6.7e8).
  (func (f32.const 0x.) drop)
                   ^^^
out/test/spec/const.wast:112: assert_malformed passed:
  out/test/spec/const/const.47.wat:1:18: error: unexpected token "0x0.g", expected a numeric literal (e.g. 123, -45, 6.7e8).
  (func (f32.const 0x0.g) drop)
                   ^^^^^
out/test/spec/const.wast:116: assert_malformed passed:
  out/test/spec/const/const.48.wat:1:18: error: unexpected token "0x0p", expected a numeric literal (e.g. 123, -45, 6.7e8).
  (func (f32.const 0x0p) drop)
                   ^^^^
out/test/spec/const.wast:120: assert_malformed passed:
  out/test/spec/const/const.49.wat:1:18: error: unexpected token "0x0p+", expected a numeric literal (e.g. 123, -45, 6.7e8).
  (func (f32.const 0x0p+) drop)
                   ^^^^^
out/test/spec/const.wast:124: assert_malformed passed:
  out/test/spec/const/const.50.wat:1:18: error: unexpected token "0x0p-", expected a numeric literal (e.g. 123, -45, 6.7e8).
  (func (f32.const 0x0p-) drop)
                   ^^^^^
out/test/spec/const.wast:128: assert_malformed passed:
  out/test/spec/const/const.51.wat:1:18: error: unexpected token "0x0.0p", expected a numeric literal (e.g. 123, -45, 6.7e8).
  (func (f32.const 0x0.0p) drop)
                   ^^^^^^
out/test/spec/const.wast:132: assert_malformed passed:
  out/test/spec/const/const.52.wat:1:18: error: unexpected token "0x0.0p+", expected a numeric literal (e.g. 123, -45, 6.7e8).
  (func (f32.const 0x0.0p+) drop)
                   ^^^^^^^
out/test/spec/const.wast:136: assert_malformed passed:
  out/test/spec/const/const.53.wat:1:18: error: unexpected token "0x0.0p-", expected a numeric literal (e.g. 123, -45, 6.7e8).
  (func (f32.const 0x0.0p-) drop)
                   ^^^^^^^
out/test/spec/const.wast:140: assert_malformed passed:
  out/test/spec/const/const.54.wat:1:18: error: unexpected token "0x0pA", expected a numeric literal (e.g. 123, -45, 6.7e8).
  (func (f32.const 0x0pA) drop)
                   ^^^^^
out/test/spec/const.wast:185: assert_malformed passed:
  out/test/spec/const/const.91.wat:1:17: error: unexpected token ")", expected a numeric literal (e.g. 123, -45, 6.7e8).
  (func (f64.const) drop)
                  ^
out/test/spec/const.wast:189: assert_malformed passed:
  out/test/spec/const/const.92.wat:1:18: error: unexpected token ".0", expected a numeric literal (e.g. 123, -45, 6.7e8).
  (func (f64.const .0) drop)
                   ^^
out/test/spec/const.wast:193: assert_malformed passed:
  out/test/spec/const/const.93.wat:1:18: error: unexpected token ".0e0", expected a numeric literal (e.g. 123, -45, 6.7e8).
  (func (f64.const .0e0) drop)
                   ^^^^
out/test/spec/const.wast:197: assert_malformed passed:
  out/test/spec/const/const.94.wat:1:18: error: unexpected token "0e", expected a numeric literal (e.g. 123, -45, 6.7e8).
  (func (f64.const 0e) drop)
                   ^^
out/test/spec/const.wast:201: assert_malformed passed:
  out/test/spec/const/const.95.wat:1:18: error: unexpected token "0e+", expected a numeric literal (e.g. 123, -45, 6.7e8).
  (func (f64.const 0e+) drop)
                   ^^^
out/test/spec/const.wast:205: assert_malformed passed:
  out/test/spec/const/const.96.wat:1:18: error: unexpected token "0.0e", expected a numeric literal (e.g. 123, -45, 6.7e8).
  (func (f64.const 0.0e) drop)
                   ^^^^
out/test/spec/const.wast:209: assert_malformed passed:
  out/test/spec/const/const.97.wat:1:18: error: unexpected token "0.0e-", expected a numeric literal (e.g. 123, -45, 6.7e8).
  (func (f64.const 0.0e-) drop)
                   ^^^^^
out/test/spec/const.wast:213: assert_malformed passed:
  out/test/spec/const/const.98.wat:1:18: error: unexpected token "0x", expected a numeric literal (e.g. 123, -45, 6.7e8).
  (func (f64.const 0x) drop)
                   ^^
out/test/spec/const.wast:217: assert_malformed passed:
  out/test/spec/const/const.99.wat:1:18: error: unexpected token "1x", expected a numeric literal (e.g. 123, -45, 6.7e8).
  (func (f64.const 1x) drop)
                   ^^
out/test/spec/const.wast:221: assert_malformed passed:
  out/test/spec/const/const.100.wat:1:18: error: unexpected token "0xg", expected a numeric literal (e.g. 123, -45, 6.7e8).
  (func (f64.const 0xg) drop)
                   ^^^
out/test/spec/const.wast:225: assert_malformed passed:
  out/test/spec/const/const.101.wat:1:18: error: unexpected token "0x.", expected a numeric literal (e.g. 123, -45, 6.7e8).
  (func (f64.const 0x.) drop)
                   ^^^
out/test/spec/const.wast:229: assert_malformed passed:
  out/test/spec/const/const.102.wat:1:18: error: unexpected token "0x0.g", expected a numeric literal (e.g. 123, -45, 6.7e8).
  (func (f64.const 0x0.g) drop)
                   ^^^^^
out/test/spec/const.wast:233: assert_malformed passed:
  out/test/spec/const/const.103.wat:1:18: error: unexpected token "0x0p", expected a numeric literal (e.g. 123, -45, 6.7e8).
  (func (f64.const 0x0p) drop)
                   ^^^^
out/test/spec/const.wast:237: assert_malformed passed:
  out/test/spec/const/const.104.wat:1:18: error: unexpected token "0x0p+", expected a numeric literal (e.g. 123, -45, 6.7e8).
  (func (f64.const 0x0p+) drop)
                   ^^^^^
out/test/spec/const.wast:241: assert_malformed passed:
  out/test/spec/const/const.105.wat:1:18: error: unexpected token "0x0p-", expected a numeric literal (e.g. 123, -45, 6.7e8).
  (func (f64.const 0x0p-) drop)
                   ^^^^^
out/test/spec/const.wast:245: assert_malformed passed:
  out/test/spec/const/const.106.wat:1:18: error: unexpected token "0x0.0p", expected a numeric literal (e.g. 123, -45, 6.7e8).
  (func (f64.const 0x0.0p) drop)
                   ^^^^^^
out/test/spec/const.wast:249: assert_malformed passed:
  out/test/spec/const/const.107.wat:1:18: error: unexpected token "0x0.0p+", expected a numeric literal (e.g. 123, -45, 6.7e8).
  (func (f64.const 0x0.0p+) drop)
                   ^^^^^^^
out/test/spec/const.wast:253: assert_malformed passed:
  out/test/spec/const/const.108.wat:1:18: error: unexpected token "0x0.0p-", expected a numeric literal (e.g. 123, -45, 6.7e8).
  (func (f64.const 0x0.0p-) drop)
                   ^^^^^^^
out/test/spec/const.wast:257: assert_malformed passed:
  out/test/spec/const/const.109.wat:1:18: error: unexpected token "0x0pA", expected a numeric literal (e.g. 123, -45, 6.7e8).
  (func (f64.const 0x0pA) drop)
                   ^^^^^
out/test/spec/const.wast:267: assert_malformed passed:
  out/test/spec/const/const.112.wat:1:18: error: invalid literal "0x100000000"
  (func (i32.const 0x100000000) drop)
                   ^^^^^^^^^^^
out/test/spec/const.wast:271: assert_malformed passed:
  out/test/spec/const/const.113.wat:1:18: error: invalid literal "-0x80000001"
  (func (i32.const -0x80000001) drop)
                   ^^^^^^^^^^^
out/test/spec/const.wast:278: assert_malformed passed:
  out/test/spec/const/const.116.wat:1:18: error: invalid literal "4294967296"
  (func (i32.const 4294967296) drop)
                   ^^^^^^^^^^
out/test/spec/const.wast:282: assert_malformed passed:
  out/test/spec/const/const.117.wat:1:18: error: invalid literal "-2147483649"
  (func (i32.const -2147483649) drop)
                   ^^^^^^^^^^^
out/test/spec/const.wast:289: assert_malformed passed:
  out/test/spec/const/const.120.wat:1:18: error: invalid literal "0x10000000000000000"
  (func (i64.const 0x10000000000000000) drop)
                   ^^^^^^^^^^^^^^^^^^^
out/test/spec/const.wast:293: assert_malformed passed:
  out/test/spec/const/const.121.wat:1:18: error: invalid literal "-0x8000000000000001"
  (func (i64.const -0x8000000000000001) drop)
                   ^^^^^^^^^^^^^^^^^^^
out/test/spec/const.wast:300: assert_malformed passed:
  out/test/spec/const/const.124.wat:1:18: error: invalid literal "18446744073709551616"
  (func (i64.const 18446744073709551616) drop)
                   ^^^^^^^^^^^^^^^^^^^^
out/test/spec/const.wast:304: assert_malformed passed:
  out/test/spec/const/const.125.wat:1:18: error: invalid literal "-9223372036854775809"
  (func (i64.const -9223372036854775809) drop)
                   ^^^^^^^^^^^^^^^^^^^^
out/test/spec/const.wast:319: assert_malformed passed:
  out/test/spec/const/const.136.wat:1:18: error: invalid literal "0x1p128"
  (func (f32.const 0x1p128) drop)
                   ^^^^^^^
out/test/spec/const.wast:323: assert_malformed passed:
  out/test/spec/const/const.137.wat:1:18: error: invalid literal "-0x1p128"
  (func (f32.const -0x1p128) drop)
                   ^^^^^^^^
out/test/spec/const.wast:327: assert_malformed passed:
  out/test/spec/const/const.138.wat:1:18: error: invalid literal "0x1.ffffffp127"
  (func (f32.const 0x1.ffffffp127) drop)
                   ^^^^^^^^^^^^^^
out/test/spec/const.wast:331: assert_malformed passed:
  out/test/spec/const/const.139.wat:1:18: error: invalid literal "-0x1.ffffffp127"
  (func (f32.const -0x1.ffffffp127) drop)
                   ^^^^^^^^^^^^^^^
out/test/spec/const.wast:338: assert_malformed passed:
  out/test/spec/const/const.142.wat:1:18: error: invalid literal "1e39"
  (func (f32.const 1e39) drop)
                   ^^^^
out/test/spec/const.wast:342: assert_malformed passed:
  out/test/spec/const/const.143.wat:1:18: error: invalid literal "-1e39"
  (func (f32.const -1e39) drop)
                   ^^^^^
out/test/spec/const.wast:349: assert_malformed passed:
  out/test/spec/const/const.146.wat:1:18: error: invalid literal "340282356779733661637539395458142568448"
  (func (f32.const 340282356779733661637539395458142568448) drop)
                   ^^^^^^^^^^^^^^^^^^^^^^^^^^^^^^^^^^^^^^^
out/test/spec/const.wast:353: assert_malformed passed:
  out/test/spec/const/const.147.wat:1:18: error: invalid literal "-340282356779733661637539395458142568448"
  (func (f32.const -340282356779733661637539395458142568448) drop)
                   ^^^^^^^^^^^^^^^^^^^^^^^^^^^^^^^^^^^^^^^^
out/test/spec/const.wast:366: assert_malformed passed:
  out/test/spec/const/const.156.wat:1:18: error: invalid literal "0x1p1024"
  (func (f64.const 0x1p1024) drop)
                   ^^^^^^^^
out/test/spec/const.wast:370: assert_malformed passed:
  out/test/spec/const/const.157.wat:1:18: error: invalid literal "-0x1p1024"
  (func (f64.const -0x1p1024) drop)
                   ^^^^^^^^^
out/test/spec/const.wast:374: assert_malformed passed:
  out/test/spec/const/const.158.wat:1:18: error: invalid literal "0x1.fffffffffffff8p1023"
  (func (f64.const 0x1.fffffffffffff8p1023) drop)
                   ^^^^^^^^^^^^^^^^^^^^^^^
out/test/spec/const.wast:378: assert_malformed passed:
  out/test/spec/const/const.159.wat:1:18: error: invalid literal "-0x1.fffffffffffff8p1023"
  (func (f64.const -0x1.fffffffffffff8p1023) drop)
                   ^^^^^^^^^^^^^^^^^^^^^^^^
out/test/spec/const.wast:385: assert_malformed passed:
  out/test/spec/const/const.162.wat:1:18: error: invalid literal "1e309"
  (func (f64.const 1e309) drop)
                   ^^^^^
out/test/spec/const.wast:389: assert_malformed passed:
  out/test/spec/const/const.163.wat:1:18: error: invalid literal "-1e309"
  (func (f64.const -1e309) drop)
                   ^^^^^^
out/test/spec/const.wast:396: assert_malformed passed:
  out/test/spec/const/const.166.wat:1:18: error: invalid literal "269653970229347356221791135597556535197105851288767494898376215204735891170042808140884337949150317257310688430271573696351481990334196274152701320055306275479074865864826923114368235135583993416113802762682700913456874855354834422248712838998185022412196739306217084753107265771378949821875606039276187287552"
  (func (f64.const 269653970229347356221791135597556535197105851288767494898376...
                   ^^^^^^^^^^^^^^^^^^^^^^^^^^^^^^^^^^^^^^^^^^^^^^^^^^^^^^^^^^^^^^^
out/test/spec/const.wast:400: assert_malformed passed:
  out/test/spec/const/const.167.wat:1:18: error: invalid literal "-269653970229347356221791135597556535197105851288767494898376215204735891170042808140884337949150317257310688430271573696351481990334196274152701320055306275479074865864826923114368235135583993416113802762682700913456874855354834422248712838998185022412196739306217084753107265771378949821875606039276187287552"
  (func (f64.const -26965397022934735622179113559755653519710585128876749489837...
                   ^^^^^^^^^^^^^^^^^^^^^^^^^^^^^^^^^^^^^^^^^^^^^^^^^^^^^^^^^^^^^^^
out/test/spec/const.wast:410: assert_malformed passed:
  out/test/spec/const/const.172.wat:1:18: error: unexpected token "nan:1", expected a numeric literal (e.g. 123, -45, 6.7e8).
  (func (f32.const nan:1) drop)
                   ^^^^^
out/test/spec/const.wast:414: assert_malformed passed:
  out/test/spec/const/const.173.wat:1:18: error: unexpected token "nan:1", expected a numeric literal (e.g. 123, -45, 6.7e8).
  (func (f64.const nan:1) drop)
                   ^^^^^
out/test/spec/const.wast:419: assert_malformed passed:
  out/test/spec/const/const.174.wat:1:18: error: invalid literal "nan:0x0"
  (func (f32.const nan:0x0) drop)
                   ^^^^^^^
out/test/spec/const.wast:423: assert_malformed passed:
  out/test/spec/const/const.175.wat:1:18: error: invalid literal "nan:0x0"
  (func (f64.const nan:0x0) drop)
                   ^^^^^^^
out/test/spec/const.wast:428: assert_malformed passed:
  out/test/spec/const/const.176.wat:1:18: error: invalid literal "nan:0x80_0000"
  (func (f32.const nan:0x80_0000) drop)
                   ^^^^^^^^^^^^^
out/test/spec/const.wast:432: assert_malformed passed:
  out/test/spec/const/const.177.wat:1:18: error: invalid literal "nan:0x10_0000_0000_0000"
  (func (f64.const nan:0x10_0000_0000_0000) drop)
                   ^^^^^^^^^^^^^^^^^^^^^^^
376/376 tests passed.
;;; STDOUT ;;)
