;;; TOOL: run-interp-spec
;;; STDIN_FILE: third_party/testsuite/conversions.wast
(;; STDOUT ;;;
out/test/spec/conversions.wast:78: assert_trap passed: integer overflow
out/test/spec/conversions.wast:79: assert_trap passed: integer overflow
out/test/spec/conversions.wast:80: assert_trap passed: integer overflow
out/test/spec/conversions.wast:81: assert_trap passed: integer overflow
out/test/spec/conversions.wast:82: assert_trap passed: invalid conversion to integer
out/test/spec/conversions.wast:83: assert_trap passed: invalid conversion to integer
out/test/spec/conversions.wast:84: assert_trap passed: invalid conversion to integer
out/test/spec/conversions.wast:85: assert_trap passed: invalid conversion to integer
out/test/spec/conversions.wast:100: assert_trap passed: integer overflow
out/test/spec/conversions.wast:101: assert_trap passed: integer overflow
out/test/spec/conversions.wast:102: assert_trap passed: integer overflow
out/test/spec/conversions.wast:103: assert_trap passed: integer overflow
out/test/spec/conversions.wast:104: assert_trap passed: invalid conversion to integer
out/test/spec/conversions.wast:105: assert_trap passed: invalid conversion to integer
out/test/spec/conversions.wast:106: assert_trap passed: invalid conversion to integer
out/test/spec/conversions.wast:107: assert_trap passed: invalid conversion to integer
out/test/spec/conversions.wast:125: assert_trap passed: integer overflow
out/test/spec/conversions.wast:126: assert_trap passed: integer overflow
out/test/spec/conversions.wast:127: assert_trap passed: integer overflow
out/test/spec/conversions.wast:128: assert_trap passed: integer overflow
out/test/spec/conversions.wast:129: assert_trap passed: invalid conversion to integer
out/test/spec/conversions.wast:130: assert_trap passed: invalid conversion to integer
out/test/spec/conversions.wast:131: assert_trap passed: invalid conversion to integer
out/test/spec/conversions.wast:132: assert_trap passed: invalid conversion to integer
out/test/spec/conversions.wast:150: assert_trap passed: integer overflow
out/test/spec/conversions.wast:151: assert_trap passed: integer overflow
out/test/spec/conversions.wast:152: assert_trap passed: integer overflow
out/test/spec/conversions.wast:153: assert_trap passed: integer overflow
out/test/spec/conversions.wast:154: assert_trap passed: integer overflow
out/test/spec/conversions.wast:155: assert_trap passed: integer overflow
out/test/spec/conversions.wast:156: assert_trap passed: integer overflow
out/test/spec/conversions.wast:157: assert_trap passed: invalid conversion to integer
out/test/spec/conversions.wast:158: assert_trap passed: invalid conversion to integer
out/test/spec/conversions.wast:159: assert_trap passed: invalid conversion to integer
out/test/spec/conversions.wast:160: assert_trap passed: invalid conversion to integer
out/test/spec/conversions.wast:178: assert_trap passed: integer overflow
out/test/spec/conversions.wast:179: assert_trap passed: integer overflow
out/test/spec/conversions.wast:180: assert_trap passed: integer overflow
out/test/spec/conversions.wast:181: assert_trap passed: integer overflow
out/test/spec/conversions.wast:182: assert_trap passed: invalid conversion to integer
out/test/spec/conversions.wast:183: assert_trap passed: invalid conversion to integer
out/test/spec/conversions.wast:184: assert_trap passed: invalid conversion to integer
out/test/spec/conversions.wast:185: assert_trap passed: invalid conversion to integer
out/test/spec/conversions.wast:198: assert_trap passed: integer overflow
out/test/spec/conversions.wast:199: assert_trap passed: integer overflow
out/test/spec/conversions.wast:200: assert_trap passed: integer overflow
out/test/spec/conversions.wast:201: assert_trap passed: integer overflow
out/test/spec/conversions.wast:202: assert_trap passed: invalid conversion to integer
out/test/spec/conversions.wast:203: assert_trap passed: invalid conversion to integer
out/test/spec/conversions.wast:204: assert_trap passed: invalid conversion to integer
out/test/spec/conversions.wast:205: assert_trap passed: invalid conversion to integer
out/test/spec/conversions.wast:223: assert_trap passed: integer overflow
out/test/spec/conversions.wast:224: assert_trap passed: integer overflow
out/test/spec/conversions.wast:225: assert_trap passed: integer overflow
out/test/spec/conversions.wast:226: assert_trap passed: integer overflow
out/test/spec/conversions.wast:227: assert_trap passed: invalid conversion to integer
out/test/spec/conversions.wast:228: assert_trap passed: invalid conversion to integer
out/test/spec/conversions.wast:229: assert_trap passed: invalid conversion to integer
out/test/spec/conversions.wast:230: assert_trap passed: invalid conversion to integer
out/test/spec/conversions.wast:247: assert_trap passed: integer overflow
out/test/spec/conversions.wast:248: assert_trap passed: integer overflow
out/test/spec/conversions.wast:249: assert_trap passed: integer overflow
out/test/spec/conversions.wast:250: assert_trap passed: integer overflow
out/test/spec/conversions.wast:251: assert_trap passed: invalid conversion to integer
out/test/spec/conversions.wast:252: assert_trap passed: invalid conversion to integer
out/test/spec/conversions.wast:253: assert_trap passed: invalid conversion to integer
out/test/spec/conversions.wast:254: assert_trap passed: invalid conversion to integer
out/test/spec/conversions.wast:678: assert_invalid passed:
  error: type mismatch in i32.wrap_i64, expected [i64] but got [f32]
  000001e: error: OnConvertExpr callback failed
out/test/spec/conversions.wast:679: assert_invalid passed:
  error: type mismatch in i32.trunc_f32_s, expected [f32] but got [i64]
  000001b: error: OnConvertExpr callback failed
out/test/spec/conversions.wast:680: assert_invalid passed:
  error: type mismatch in i32.trunc_f32_u, expected [f32] but got [i64]
  000001b: error: OnConvertExpr callback failed
out/test/spec/conversions.wast:681: assert_invalid passed:
  error: type mismatch in i32.trunc_f64_s, expected [f64] but got [i64]
  000001b: error: OnConvertExpr callback failed
out/test/spec/conversions.wast:682: assert_invalid passed:
  error: type mismatch in i32.trunc_f64_u, expected [f64] but got [i64]
  000001b: error: OnConvertExpr callback failed
out/test/spec/conversions.wast:683: assert_invalid passed:
  error: type mismatch in i32.reinterpret_f32, expected [f32] but got [i64]
  000001b: error: OnConvertExpr callback failed
out/test/spec/conversions.wast:684: assert_invalid passed:
  error: type mismatch in i64.extend_i32_s, expected [i32] but got [f32]
  000001e: error: OnConvertExpr callback failed
out/test/spec/conversions.wast:685: assert_invalid passed:
  error: type mismatch in i64.extend_i32_u, expected [i32] but got [f32]
  000001e: error: OnConvertExpr callback failed
out/test/spec/conversions.wast:686: assert_invalid passed:
  error: type mismatch in i64.trunc_f32_s, expected [f32] but got [i32]
  000001b: error: OnConvertExpr callback failed
out/test/spec/conversions.wast:687: assert_invalid passed:
  error: type mismatch in i64.trunc_f32_u, expected [f32] but got [i32]
  000001b: error: OnConvertExpr callback failed
out/test/spec/conversions.wast:688: assert_invalid passed:
  error: type mismatch in i64.trunc_f64_s, expected [f64] but got [i32]
  000001b: error: OnConvertExpr callback failed
out/test/spec/conversions.wast:689: assert_invalid passed:
  error: type mismatch in i64.trunc_f64_u, expected [f64] but got [i32]
  000001b: error: OnConvertExpr callback failed
out/test/spec/conversions.wast:690: assert_invalid passed:
  error: type mismatch in i64.reinterpret_f64, expected [f64] but got [i32]
  000001b: error: OnConvertExpr callback failed
out/test/spec/conversions.wast:691: assert_invalid passed:
  error: type mismatch in f32.convert_i32_s, expected [i32] but got [i64]
  000001b: error: OnConvertExpr callback failed
out/test/spec/conversions.wast:692: assert_invalid passed:
  error: type mismatch in f32.convert_i32_u, expected [i32] but got [i64]
  000001b: error: OnConvertExpr callback failed
out/test/spec/conversions.wast:693: assert_invalid passed:
  error: type mismatch in f32.convert_i64_s, expected [i64] but got [i32]
  000001b: error: OnConvertExpr callback failed
out/test/spec/conversions.wast:694: assert_invalid passed:
  error: type mismatch in f32.convert_i64_u, expected [i64] but got [i32]
  000001b: error: OnConvertExpr callback failed
out/test/spec/conversions.wast:695: assert_invalid passed:
  error: type mismatch in f32.demote_f64, expected [f64] but got [i32]
  000001b: error: OnConvertExpr callback failed
out/test/spec/conversions.wast:696: assert_invalid passed:
  error: type mismatch in f32.reinterpret_i32, expected [i32] but got [i64]
  000001b: error: OnConvertExpr callback failed
out/test/spec/conversions.wast:697: assert_invalid passed:
  error: type mismatch in f64.convert_i32_s, expected [i32] but got [i64]
  000001b: error: OnConvertExpr callback failed
out/test/spec/conversions.wast:698: assert_invalid passed:
  error: type mismatch in f64.convert_i32_u, expected [i32] but got [i64]
  000001b: error: OnConvertExpr callback failed
out/test/spec/conversions.wast:699: assert_invalid passed:
  error: type mismatch in f64.convert_i64_s, expected [i64] but got [i32]
  000001b: error: OnConvertExpr callback failed
out/test/spec/conversions.wast:700: assert_invalid passed:
  error: type mismatch in f64.convert_i64_u, expected [i64] but got [i32]
  000001b: error: OnConvertExpr callback failed
out/test/spec/conversions.wast:701: assert_invalid passed:
  error: type mismatch in f64.promote_f32, expected [f32] but got [i32]
  000001b: error: OnConvertExpr callback failed
out/test/spec/conversions.wast:702: assert_invalid passed:
  error: type mismatch in f64.reinterpret_i64, expected [i64] but got [i32]
  000001b: error: OnConvertExpr callback failed
618/618 tests passed.
;;; STDOUT ;;)
