;;; TOOL: run-interp-spec
;;; STDIN_FILE: third_party/testsuite/exports.wast
(;; STDOUT ;;;
out/test/spec/exports.wast:29: assert_invalid passed:
  0000000: error: function variable out of range: 1 (max 1)
  0000019: error: OnExport callback failed
out/test/spec/exports.wast:33: assert_invalid passed:
  error: duplicate export "a"
  000001d: error: OnExport callback failed
out/test/spec/exports.wast:37: assert_invalid passed:
  error: duplicate export "a"
  000001e: error: OnExport callback failed
out/test/spec/exports.wast:41: assert_invalid passed:
  error: duplicate export "a"
  0000025: error: OnExport callback failed
out/test/spec/exports.wast:45: assert_invalid passed:
  error: duplicate export "a"
  0000023: error: OnExport callback failed
out/test/spec/exports.wast:49: assert_invalid passed:
  error: duplicate export "a"
  0000022: error: OnExport callback failed
out/test/spec/exports.wast:78: assert_invalid passed:
  0000000: error: global variable out of range: 1 (max 1)
  0000017: error: OnExport callback failed
out/test/spec/exports.wast:82: assert_invalid passed:
  error: duplicate export "a"
  000001b: error: OnExport callback failed
out/test/spec/exports.wast:86: assert_invalid passed:
  error: duplicate export "a"
  0000020: error: OnExport callback failed
out/test/spec/exports.wast:90: assert_invalid passed:
  error: duplicate export "a"
  0000025: error: OnExport callback failed
out/test/spec/exports.wast:94: assert_invalid passed:
  error: duplicate export "a"
  0000021: error: OnExport callback failed
out/test/spec/exports.wast:98: assert_invalid passed:
  error: duplicate export "a"
  0000020: error: OnExport callback failed
out/test/spec/exports.wast:126: assert_invalid passed:
  0000000: error: table variable out of range: 1 (max 1)
  0000015: error: OnExport callback failed
out/test/spec/exports.wast:130: assert_invalid passed:
  error: duplicate export "a"
  0000019: error: OnExport callback failed
out/test/spec/exports.wast:139: assert_invalid passed:
  error: duplicate export "a"
  0000023: error: OnExport callback failed
out/test/spec/exports.wast:143: assert_invalid passed:
  error: duplicate export "a"
  0000021: error: OnExport callback failed
out/test/spec/exports.wast:147: assert_invalid passed:
  error: duplicate export "a"
  000001e: error: OnExport callback failed
out/test/spec/exports.wast:175: assert_invalid passed:
  0000000: error: memory variable out of range: 1 (max 1)
  0000014: error: OnExport callback failed
out/test/spec/exports.wast:179: assert_invalid passed:
  error: duplicate export "a"
  0000018: error: OnExport callback failed
out/test/spec/exports.wast:188: assert_invalid passed:
  error: duplicate export "a"
  0000022: error: OnExport callback failed
out/test/spec/exports.wast:192: assert_invalid passed:
  error: duplicate export "a"
  0000020: error: OnExport callback failed
out/test/spec/exports.wast:196: assert_invalid passed:
  error: duplicate export "a"
  000001e: error: OnExport callback failed
28/28 tests passed.
;;; STDOUT ;;)
