;;; TOOL: run-interp-spec
;;; STDIN_FILE: third_party/testsuite/globals.wast
(;; STDOUT ;;;
out/test/spec/globals.wast:221: assert_trap passed: undefined table index
out/test/spec/globals.wast:243: assert_invalid passed:
  error: can't global.set on immutable global at index 0.
  0000029: error: OnGlobalSetExpr callback failed
out/test/spec/globals.wast:252: assert_invalid passed:
  0000013: error: expected END opcode after initializer expression
out/test/spec/globals.wast:257: assert_invalid passed:
  000000e: error: unexpected opcode in initializer expression: 0x20
out/test/spec/globals.wast:262: assert_invalid passed:
  0000013: error: expected END opcode after initializer expression
out/test/spec/globals.wast:267: assert_invalid passed:
  0000010: error: expected END opcode after initializer expression
out/test/spec/globals.wast:272: assert_invalid passed:
  000000e: error: unexpected opcode in initializer expression: 0x1
out/test/spec/globals.wast:277: assert_invalid passed:
  error: type mismatch in global, expected i32 but got f32.
  0000013: error: EndGlobalInitExpr callback failed
out/test/spec/globals.wast:282: assert_invalid passed:
  0000010: error: expected END opcode after initializer expression
out/test/spec/globals.wast:287: assert_invalid passed:
  error: type mismatch in global, expected i32 but got void.
  000000e: error: EndGlobalInitExpr callback failed
out/test/spec/globals.wast:292: assert_invalid passed:
  error: initializer expression can only reference an imported global
  000000f: error: OnInitExprGlobalGetExpr callback failed
out/test/spec/globals.wast:297: assert_invalid passed:
  error: initializer expression can only reference an imported global
  000000f: error: OnInitExprGlobalGetExpr callback failed
out/test/spec/globals.wast:305: assert_malformed passed:
  0000026: error: global mutability must be 0 or 1
out/test/spec/globals.wast:318: assert_malformed passed:
  0000026: error: global mutability must be 0 or 1
out/test/spec/globals.wast:335: assert_malformed passed:
  0000011: error: global mutability must be 0 or 1
out/test/spec/globals.wast:347: assert_malformed passed:
  0000011: error: global mutability must be 0 or 1
out/test/spec/globals.wast:361: assert_invalid passed:
  error: type mismatch in global.set, expected [i32] but got []
  0000021: error: OnGlobalSetExpr callback failed
out/test/spec/globals.wast:370: assert_invalid passed:
  error: type mismatch in global.set, expected [i32] but got []
  0000025: error: OnGlobalSetExpr callback failed
out/test/spec/globals.wast:380: assert_invalid passed:
  error: type mismatch in global.set, expected [i32] but got []
  0000025: error: OnGlobalSetExpr callback failed
out/test/spec/globals.wast:390: assert_invalid passed:
  error: type mismatch in global.set, expected [i32] but got []
  0000027: error: OnGlobalSetExpr callback failed
out/test/spec/globals.wast:400: assert_invalid passed:
  error: type mismatch in global.set, expected [i32] but got []
  000002a: error: OnGlobalSetExpr callback failed
out/test/spec/globals.wast:410: assert_invalid passed:
  error: type mismatch in global.set, expected [i32] but got []
  0000025: error: OnGlobalSetExpr callback failed
out/test/spec/globals.wast:420: assert_invalid passed:
  error: type mismatch in global.set, expected [i32] but got []
  0000025: error: OnGlobalSetExpr callback failed
out/test/spec/globals.wast:430: assert_invalid passed:
  error: type mismatch in global.set, expected [i32] but got []
  0000025: error: OnGlobalSetExpr callback failed
out/test/spec/globals.wast:440: assert_invalid passed:
  error: type mismatch in global.set, expected [i32] but got []
  0000021: error: OnGlobalSetExpr callback failed
out/test/spec/globals.wast:449: assert_invalid passed:
  error: type mismatch in global.set, expected [i32] but got []
  0000021: error: OnGlobalSetExpr callback failed
out/test/spec/globals.wast:458: assert_invalid passed:
  error: type mismatch in global.set, expected [i32] but got []
  0000027: error: OnGlobalSetExpr callback failed
out/test/spec/globals.wast:468: assert_invalid passed:
  error: type mismatch in global.set, expected [i32] but got []
  000003e: error: OnGlobalSetExpr callback failed
73/73 tests passed.
;;; STDOUT ;;)
