;;; TOOL: run-interp-spec
;;; STDIN_FILE: third_party/testsuite/proposals/simd/simd_load_extend.wast
;;; ARGS*: --enable-simd
(;; STDOUT ;;;
out/test/spec/simd/simd_load_extend.wast:226: assert_trap passed: out of bounds memory access: access at 4294967295+8 >= max value 65536
out/test/spec/simd/simd_load_extend.wast:227: assert_trap passed: out of bounds memory access: access at 4294967295+8 >= max value 65536
out/test/spec/simd/simd_load_extend.wast:228: assert_trap passed: out of bounds memory access: access at 65536+8 >= max value 65536
out/test/spec/simd/simd_load_extend.wast:229: assert_trap passed: out of bounds memory access: access at 65536+8 >= max value 65536
out/test/spec/simd/simd_load_extend.wast:230: assert_trap passed: out of bounds memory access: access at 65529+8 >= max value 65536
out/test/spec/simd/simd_load_extend.wast:231: assert_trap passed: out of bounds memory access: access at 65529+8 >= max value 65536
out/test/spec/simd/simd_load_extend.wast:233: assert_trap passed: out of bounds memory access: access at 4294967296+8 >= max value 65536
out/test/spec/simd/simd_load_extend.wast:234: assert_trap passed: out of bounds memory access: access at 4294967296+8 >= max value 65536
out/test/spec/simd/simd_load_extend.wast:235: assert_trap passed: out of bounds memory access: access at 4294967296+8 >= max value 65536
out/test/spec/simd/simd_load_extend.wast:236: assert_trap passed: out of bounds memory access: access at 4294967296+8 >= max value 65536
out/test/spec/simd/simd_load_extend.wast:237: assert_trap passed: out of bounds memory access: access at 4294967296+8 >= max value 65536
out/test/spec/simd/simd_load_extend.wast:238: assert_trap passed: out of bounds memory access: access at 4294967296+8 >= max value 65536
out/test/spec/simd/simd_load_extend.wast:241: assert_invalid passed:
  error: type mismatch in i16x8.load8x8_s, expected [i32] but got [f32]
  0000026: error: OnLoadExpr callback failed
out/test/spec/simd/simd_load_extend.wast:242: assert_invalid passed:
  error: type mismatch in i16x8.load8x8_u, expected [i32] but got [f32]
  0000026: error: OnLoadExpr callback failed
out/test/spec/simd/simd_load_extend.wast:243: assert_invalid passed:
  error: type mismatch in i32x4.load16x4_s, expected [i32] but got [f64]
  000002a: error: OnLoadExpr callback failed
out/test/spec/simd/simd_load_extend.wast:244: assert_invalid passed:
  error: type mismatch in i32x4.load16x4_u, expected [i32] but got [f64]
  000002a: error: OnLoadExpr callback failed
out/test/spec/simd/simd_load_extend.wast:245: assert_invalid passed:
  error: type mismatch in i64x2.load32x2_s, expected [i32] but got [v128]
  0000033: error: OnLoadExpr callback failed
out/test/spec/simd/simd_load_extend.wast:246: assert_invalid passed:
  error: type mismatch in i64x2.load32x2_u, expected [i32] but got [v128]
  0000033: error: OnLoadExpr callback failed
out/test/spec/simd/simd_load_extend.wast:251: assert_invalid passed:
  error: type mismatch in i16x8.load8x8_s, expected [i32] but got []
  0000021: error: OnLoadExpr callback failed
out/test/spec/simd/simd_load_extend.wast:259: assert_invalid passed:
  error: type mismatch in i16x8.load8x8_u, expected [i32] but got []
  0000021: error: OnLoadExpr callback failed
out/test/spec/simd/simd_load_extend.wast:267: assert_invalid passed:
  error: type mismatch in i32x4.load16x4_s, expected [i32] but got []
  0000021: error: OnLoadExpr callback failed
out/test/spec/simd/simd_load_extend.wast:275: assert_invalid passed:
  error: type mismatch in i32x4.load16x4_u, expected [i32] but got []
  0000021: error: OnLoadExpr callback failed
out/test/spec/simd/simd_load_extend.wast:283: assert_invalid passed:
  error: type mismatch in i64x2.load32x2_s, expected [i32] but got []
  0000021: error: OnLoadExpr callback failed
out/test/spec/simd/simd_load_extend.wast:291: assert_invalid passed:
  error: type mismatch in i64x2.load32x2_u, expected [i32] but got []
  0000021: error: OnLoadExpr callback failed
out/test/spec/simd/simd_load_extend.wast:301: assert_malformed passed:
  out/test/spec/simd/simd_load_extend/simd_load_extend.13.wat:1:25: error: unexpected token "i16x8.load16x4_s", expected an expr.
  (memory 1) (func (drop (i16x8.load16x4_s (i32.const 0))))
                          ^^^^^^^^^^^^^^^^
  out/test/spec/simd/simd_load_extend/simd_load_extend.13.wat:1:56: error: unexpected token ), expected EOF.
  (memory 1) (func (drop (i16x8.load16x4_s (i32.const 0))))
                                                         ^
out/test/spec/simd/simd_load_extend.wast:302: assert_malformed passed:
  out/test/spec/simd/simd_load_extend/simd_load_extend.14.wat:1:25: error: unexpected token "i16x8.load16x4_u", expected an expr.
  (memory 1) (func (drop (i16x8.load16x4_u (i32.const 0))))
                          ^^^^^^^^^^^^^^^^
  out/test/spec/simd/simd_load_extend/simd_load_extend.14.wat:1:56: error: unexpected token ), expected EOF.
  (memory 1) (func (drop (i16x8.load16x4_u (i32.const 0))))
                                                         ^
out/test/spec/simd/simd_load_extend.wast:303: assert_malformed passed:
  out/test/spec/simd/simd_load_extend/simd_load_extend.15.wat:1:25: error: unexpected token "i32x4.load32x2_s", expected an expr.
  (memory 1) (func (drop (i32x4.load32x2_s (i32.const 0))))
                          ^^^^^^^^^^^^^^^^
  out/test/spec/simd/simd_load_extend/simd_load_extend.15.wat:1:56: error: unexpected token ), expected EOF.
  (memory 1) (func (drop (i32x4.load32x2_s (i32.const 0))))
                                                         ^
out/test/spec/simd/simd_load_extend.wast:304: assert_malformed passed:
  out/test/spec/simd/simd_load_extend/simd_load_extend.16.wat:1:25: error: unexpected token "i32x4.load32x2_u", expected an expr.
  (memory 1) (func (drop (i32x4.load32x2_u (i32.const 0))))
                          ^^^^^^^^^^^^^^^^
  out/test/spec/simd/simd_load_extend/simd_load_extend.16.wat:1:56: error: unexpected token ), expected EOF.
  (memory 1) (func (drop (i32x4.load32x2_u (i32.const 0))))
                                                         ^
out/test/spec/simd/simd_load_extend.wast:305: assert_malformed passed:
  out/test/spec/simd/simd_load_extend/simd_load_extend.17.wat:1:25: error: unexpected token "i64x2.load64x1_s", expected an expr.
  (memory 1) (func (drop (i64x2.load64x1_s (i32.const 0))))
                          ^^^^^^^^^^^^^^^^
  out/test/spec/simd/simd_load_extend/simd_load_extend.17.wat:1:56: error: unexpected token ), expected EOF.
  (memory 1) (func (drop (i64x2.load64x1_s (i32.const 0))))
                                                         ^
out/test/spec/simd/simd_load_extend.wast:306: assert_malformed passed:
  out/test/spec/simd/simd_load_extend/simd_load_extend.18.wat:1:25: error: unexpected token "i64x2.load64x1_u", expected an expr.
  (memory 1) (func (drop (i64x2.load64x1_u (i32.const 0))))
                          ^^^^^^^^^^^^^^^^
  out/test/spec/simd/simd_load_extend/simd_load_extend.18.wat:1:56: error: unexpected token ), expected EOF.
  (memory 1) (func (drop (i64x2.load64x1_u (i32.const 0))))
                                                         ^
102/102 tests passed.
;;; STDOUT ;;)
