;;; TOOL: run-interp-spec
;;; STDIN_FILE: third_party/testsuite/proposals/simd/simd_f32x4_arith.wast
;;; ARGS*: --enable-simd
(;; STDOUT ;;;
out/test/spec/simd/simd_f32x4_arith.wast:5295: assert_invalid passed:
  error: type mismatch in f32x4.neg, expected [v128] but got [i32]
  000001d: error: OnUnaryExpr callback failed
out/test/spec/simd/simd_f32x4_arith.wast:5296: assert_invalid passed:
  error: type mismatch in f32x4.sqrt, expected [v128] but got [i32]
  000001d: error: OnUnaryExpr callback failed
out/test/spec/simd/simd_f32x4_arith.wast:5297: assert_invalid passed:
  error: type mismatch in f32x4.add, expected [v128, v128] but got [i32, f32]
  0000022: error: OnBinaryExpr callback failed
out/test/spec/simd/simd_f32x4_arith.wast:5298: assert_invalid passed:
  error: type mismatch in f32x4.sub, expected [v128, v128] but got [i32, f32]
  0000022: error: OnBinaryExpr callback failed
out/test/spec/simd/simd_f32x4_arith.wast:5299: assert_invalid passed:
  error: type mismatch in f32x4.mul, expected [v128, v128] but got [i32, f32]
  0000022: error: OnBinaryExpr callback failed
out/test/spec/simd/simd_f32x4_arith.wast:5300: assert_invalid passed:
  error: type mismatch in f32x4.div, expected [v128, v128] but got [i32, f32]
  0000022: error: OnBinaryExpr callback failed
out/test/spec/simd/simd_f32x4_arith.wast:5305: assert_invalid passed:
  error: type mismatch in f32x4.neg, expected [v128] but got []
  000001b: error: OnUnaryExpr callback failed
out/test/spec/simd/simd_f32x4_arith.wast:5313: assert_invalid passed:
  error: type mismatch in f32x4.sqrt, expected [v128] but got []
  000001b: error: OnUnaryExpr callback failed
out/test/spec/simd/simd_f32x4_arith.wast:5321: assert_invalid passed:
  error: type mismatch in f32x4.add, expected [v128, v128] but got [v128]
  000002d: error: OnBinaryExpr callback failed
out/test/spec/simd/simd_f32x4_arith.wast:5329: assert_invalid passed:
  error: type mismatch in f32x4.add, expected [v128, v128] but got []
  000001b: error: OnBinaryExpr callback failed
out/test/spec/simd/simd_f32x4_arith.wast:5337: assert_invalid passed:
  error: type mismatch in f32x4.sub, expected [v128, v128] but got [v128]
  000002d: error: OnBinaryExpr callback failed
out/test/spec/simd/simd_f32x4_arith.wast:5345: assert_invalid passed:
  error: type mismatch in f32x4.sub, expected [v128, v128] but got []
  000001b: error: OnBinaryExpr callback failed
out/test/spec/simd/simd_f32x4_arith.wast:5353: assert_invalid passed:
  error: type mismatch in f32x4.mul, expected [v128, v128] but got [v128]
  000002d: error: OnBinaryExpr callback failed
out/test/spec/simd/simd_f32x4_arith.wast:5361: assert_invalid passed:
  error: type mismatch in f32x4.mul, expected [v128, v128] but got []
  000001b: error: OnBinaryExpr callback failed
out/test/spec/simd/simd_f32x4_arith.wast:5369: assert_invalid passed:
  error: type mismatch in f32x4.div, expected [v128, v128] but got [v128]
  000002d: error: OnBinaryExpr callback failed
out/test/spec/simd/simd_f32x4_arith.wast:5377: assert_invalid passed:
  error: type mismatch in f32x4.div, expected [v128, v128] but got []
  000001b: error: OnBinaryExpr callback failed
1819/1819 tests passed.
;;; STDOUT ;;)
