;;; TOOL: run-interp-spec
;;; STDIN_FILE: third_party/testsuite/proposals/simd/simd_i16x8_arith.wast
;;; ARGS*: --enable-simd
(;; STDOUT ;;;
out/test/spec/simd/simd_i16x8_arith.wast:528: assert_invalid passed:
  error: type mismatch in i16x8.neg, expected [v128] but got [i32]
  000001d: error: OnUnaryExpr callback failed
out/test/spec/simd/simd_i16x8_arith.wast:529: assert_invalid passed:
  error: type mismatch in i16x8.add, expected [v128, v128] but got [i32, f32]
  0000022: error: OnBinaryExpr callback failed
out/test/spec/simd/simd_i16x8_arith.wast:530: assert_invalid passed:
  error: type mismatch in i16x8.sub, expected [v128, v128] but got [i32, f32]
  0000022: error: OnBinaryExpr callback failed
out/test/spec/simd/simd_i16x8_arith.wast:531: assert_invalid passed:
  error: type mismatch in i16x8.mul, expected [v128, v128] but got [i32, f32]
  0000022: error: OnBinaryExpr callback failed
out/test/spec/simd/simd_i16x8_arith.wast:536: assert_invalid passed:
  error: type mismatch in i16x8.neg, expected [v128] but got []
  000001b: error: OnUnaryExpr callback failed
out/test/spec/simd/simd_i16x8_arith.wast:544: assert_invalid passed:
  error: type mismatch in i16x8.add, expected [v128, v128] but got [v128]
  000002d: error: OnBinaryExpr callback failed
out/test/spec/simd/simd_i16x8_arith.wast:552: assert_invalid passed:
  error: type mismatch in i16x8.add, expected [v128, v128] but got []
  000001b: error: OnBinaryExpr callback failed
out/test/spec/simd/simd_i16x8_arith.wast:560: assert_invalid passed:
  error: type mismatch in i16x8.sub, expected [v128, v128] but got [v128]
  000002d: error: OnBinaryExpr callback failed
out/test/spec/simd/simd_i16x8_arith.wast:568: assert_invalid passed:
  error: type mismatch in i16x8.sub, expected [v128, v128] but got []
  000001b: error: OnBinaryExpr callback failed
out/test/spec/simd/simd_i16x8_arith.wast:576: assert_invalid passed:
  error: type mismatch in i16x8.mul, expected [v128, v128] but got [v128]
  000002d: error: OnBinaryExpr callback failed
out/test/spec/simd/simd_i16x8_arith.wast:584: assert_invalid passed:
  error: type mismatch in i16x8.mul, expected [v128, v128] but got []
  000001b: error: OnBinaryExpr callback failed
192/192 tests passed.
;;; STDOUT ;;)
